execve("./server.exec", ["./server.exec"], 0x7ffdbbafb780 /* 51 vars */) = 0
brk(NULL)                               = 0x55f272e56000
access("/etc/ld.so.nohwcap", F_OK)      = -1 ENOENT (No such file or directory)
access("/etc/ld.so.preload", R_OK)      = -1 ENOENT (No such file or directory)
openat(AT_FDCWD, "/etc/ld.so.cache", O_RDONLY|O_CLOEXEC) = 3
fstat(3, {st_mode=S_IFREG|0644, st_size=117902, ...}) = 0
mmap(NULL, 117902, PROT_READ, MAP_PRIVATE, 3, 0) = 0x7f71c92bd000
close(3)                                = 0
access("/etc/ld.so.nohwcap", F_OK)      = -1 ENOENT (No such file or directory)
openat(AT_FDCWD, "/usr/local/lib/libzmq.so.5", O_RDONLY|O_CLOEXEC) = 3
read(3, "\177ELF\2\1\1\0\0\0\0\0\0\0\0\0\3\0>\0\1\0\0\0p.\1\0\0\0\0\0"..., 832) = 832
fstat(3, {st_mode=S_IFREG|0755, st_size=605616, ...}) = 0
mmap(NULL, 8192, PROT_READ|PROT_WRITE, MAP_PRIVATE|MAP_ANONYMOUS, -1, 0) = 0x7f71c92bb000
mmap(NULL, 2701056, PROT_READ|PROT_EXEC, MAP_PRIVATE|MAP_DENYWRITE, 3, 0) = 0x7f71c8e1f000
mprotect(0x7f71c8ead000, 2093056, PROT_NONE) = 0
mmap(0x7f71c90ac000, 28672, PROT_READ|PROT_WRITE, MAP_PRIVATE|MAP_FIXED|MAP_DENYWRITE, 3, 0x8d000) = 0x7f71c90ac000
close(3)                                = 0
access("/etc/ld.so.nohwcap", F_OK)      = -1 ENOENT (No such file or directory)
openat(AT_FDCWD, "/lib/x86_64-linux-gnu/libpthread.so.0", O_RDONLY|O_CLOEXEC) = 3
read(3, "\177ELF\2\1\1\0\0\0\0\0\0\0\0\0\3\0>\0\1\0\0\0000b\0\0\0\0\0\0"..., 832) = 832
fstat(3, {st_mode=S_IFREG|0755, st_size=144976, ...}) = 0
mmap(NULL, 2221184, PROT_READ|PROT_EXEC, MAP_PRIVATE|MAP_DENYWRITE, 3, 0) = 0x7f71c8c00000
mprotect(0x7f71c8c1a000, 2093056, PROT_NONE) = 0
mmap(0x7f71c8e19000, 8192, PROT_READ|PROT_WRITE, MAP_PRIVATE|MAP_FIXED|MAP_DENYWRITE, 3, 0x19000) = 0x7f71c8e19000
mmap(0x7f71c8e1b000, 13440, PROT_READ|PROT_WRITE, MAP_PRIVATE|MAP_FIXED|MAP_ANONYMOUS, -1, 0) = 0x7f71c8e1b000
close(3)                                = 0
access("/etc/ld.so.nohwcap", F_OK)      = -1 ENOENT (No such file or directory)
openat(AT_FDCWD, "/lib/x86_64-linux-gnu/libc.so.6", O_RDONLY|O_CLOEXEC) = 3
read(3, "\177ELF\2\1\1\3\0\0\0\0\0\0\0\0\3\0>\0\1\0\0\0\260\34\2\0\0\0\0\0"..., 832) = 832
fstat(3, {st_mode=S_IFREG|0755, st_size=2030544, ...}) = 0
mmap(NULL, 4131552, PROT_READ|PROT_EXEC, MAP_PRIVATE|MAP_DENYWRITE, 3, 0) = 0x7f71c880f000
mprotect(0x7f71c89f6000, 2097152, PROT_NONE) = 0
mmap(0x7f71c8bf6000, 24576, PROT_READ|PROT_WRITE, MAP_PRIVATE|MAP_FIXED|MAP_DENYWRITE, 3, 0x1e7000) = 0x7f71c8bf6000
mmap(0x7f71c8bfc000, 15072, PROT_READ|PROT_WRITE, MAP_PRIVATE|MAP_FIXED|MAP_ANONYMOUS, -1, 0) = 0x7f71c8bfc000
close(3)                                = 0
access("/etc/ld.so.nohwcap", F_OK)      = -1 ENOENT (No such file or directory)
openat(AT_FDCWD, "/lib/x86_64-linux-gnu/librt.so.1", O_RDONLY|O_CLOEXEC) = 3
read(3, "\177ELF\2\1\1\0\0\0\0\0\0\0\0\0\3\0>\0\1\0\0\0\0\"\0\0\0\0\0\0"..., 832) = 832
fstat(3, {st_mode=S_IFREG|0644, st_size=31680, ...}) = 0
mmap(NULL, 2128864, PROT_READ|PROT_EXEC, MAP_PRIVATE|MAP_DENYWRITE, 3, 0) = 0x7f71c8607000
mprotect(0x7f71c860e000, 2093056, PROT_NONE) = 0
mmap(0x7f71c880d000, 8192, PROT_READ|PROT_WRITE, MAP_PRIVATE|MAP_FIXED|MAP_DENYWRITE, 3, 0x6000) = 0x7f71c880d000
close(3)                                = 0
access("/etc/ld.so.nohwcap", F_OK)      = -1 ENOENT (No such file or directory)
openat(AT_FDCWD, "/usr/lib/x86_64-linux-gnu/libstdc++.so.6", O_RDONLY|O_CLOEXEC) = 3
read(3, "\177ELF\2\1\1\3\0\0\0\0\0\0\0\0\3\0>\0\1\0\0\0\360\303\10\0\0\0\0\0"..., 832) = 832
fstat(3, {st_mode=S_IFREG|0644, st_size=1594832, ...}) = 0
mmap(NULL, 3702816, PROT_READ|PROT_EXEC, MAP_PRIVATE|MAP_DENYWRITE, 3, 0) = 0x7f71c827e000
mprotect(0x7f71c83f7000, 2097152, PROT_NONE) = 0
mmap(0x7f71c85f7000, 49152, PROT_READ|PROT_WRITE, MAP_PRIVATE|MAP_FIXED|MAP_DENYWRITE, 3, 0x179000) = 0x7f71c85f7000
mmap(0x7f71c8603000, 12320, PROT_READ|PROT_WRITE, MAP_PRIVATE|MAP_FIXED|MAP_ANONYMOUS, -1, 0) = 0x7f71c8603000
close(3)                                = 0
access("/etc/ld.so.nohwcap", F_OK)      = -1 ENOENT (No such file or directory)
openat(AT_FDCWD, "/lib/x86_64-linux-gnu/libgcc_s.so.1", O_RDONLY|O_CLOEXEC) = 3
read(3, "\177ELF\2\1\1\0\0\0\0\0\0\0\0\0\3\0>\0\1\0\0\0\300*\0\0\0\0\0\0"..., 832) = 832
fstat(3, {st_mode=S_IFREG|0644, st_size=96616, ...}) = 0
mmap(NULL, 2192432, PROT_READ|PROT_EXEC, MAP_PRIVATE|MAP_DENYWRITE, 3, 0) = 0x7f71c8066000
mprotect(0x7f71c807d000, 2093056, PROT_NONE) = 0
mmap(0x7f71c827c000, 8192, PROT_READ|PROT_WRITE, MAP_PRIVATE|MAP_FIXED|MAP_DENYWRITE, 3, 0x16000) = 0x7f71c827c000
close(3)                                = 0
access("/etc/ld.so.nohwcap", F_OK)      = -1 ENOENT (No such file or directory)
openat(AT_FDCWD, "/lib/x86_64-linux-gnu/libm.so.6", O_RDONLY|O_CLOEXEC) = 3
read(3, "\177ELF\2\1\1\3\0\0\0\0\0\0\0\0\3\0>\0\1\0\0\0\200\272\0\0\0\0\0\0"..., 832) = 832
fstat(3, {st_mode=S_IFREG|0644, st_size=1700792, ...}) = 0
mmap(NULL, 8192, PROT_READ|PROT_WRITE, MAP_PRIVATE|MAP_ANONYMOUS, -1, 0) = 0x7f71c92b9000
mmap(NULL, 3789144, PROT_READ|PROT_EXEC, MAP_PRIVATE|MAP_DENYWRITE, 3, 0) = 0x7f71c7cc8000
mprotect(0x7f71c7e65000, 2093056, PROT_NONE) = 0
mmap(0x7f71c8064000, 8192, PROT_READ|PROT_WRITE, MAP_PRIVATE|MAP_FIXED|MAP_DENYWRITE, 3, 0x19c000) = 0x7f71c8064000
close(3)                                = 0
mmap(NULL, 12288, PROT_READ|PROT_WRITE, MAP_PRIVATE|MAP_ANONYMOUS, -1, 0) = 0x7f71c92b6000
arch_prctl(ARCH_SET_FS, 0x7f71c92b6740) = 0
mprotect(0x7f71c8bf6000, 16384, PROT_READ) = 0
mprotect(0x7f71c8064000, 4096, PROT_READ) = 0
mprotect(0x7f71c827c000, 4096, PROT_READ) = 0
mprotect(0x7f71c85f7000, 40960, PROT_READ) = 0
mprotect(0x7f71c8e19000, 4096, PROT_READ) = 0
mprotect(0x7f71c880d000, 4096, PROT_READ) = 0
mprotect(0x7f71c90ac000, 24576, PROT_READ) = 0
mprotect(0x55f271367000, 4096, PROT_READ) = 0
mprotect(0x7f71c92da000, 4096, PROT_READ) = 0
munmap(0x7f71c92bd000, 117902)          = 0
set_tid_address(0x7f71c92b6a10)         = 7853
set_robust_list(0x7f71c92b6a20, 24)     = 0
rt_sigaction(SIGRTMIN, {sa_handler=0x7f71c8c05cb0, sa_mask=[], sa_flags=SA_RESTORER|SA_SIGINFO, sa_restorer=0x7f71c8c12890}, NULL, 8) = 0
rt_sigaction(SIGRT_1, {sa_handler=0x7f71c8c05d50, sa_mask=[], sa_flags=SA_RESTORER|SA_RESTART|SA_SIGINFO, sa_restorer=0x7f71c8c12890}, NULL, 8) = 0
rt_sigprocmask(SIG_UNBLOCK, [RTMIN RT_1], NULL, 8) = 0
prlimit64(0, RLIMIT_STACK, NULL, {rlim_cur=8192*1024, rlim_max=RLIM64_INFINITY}) = 0
brk(NULL)                               = 0x55f272e56000
brk(0x55f272e77000)                     = 0x55f272e77000
rt_sigaction(SIGINT, {sa_handler=SIG_IGN, sa_mask=[], sa_flags=SA_RESTORER, sa_restorer=0x7f71c884df20}, {sa_handler=SIG_DFL, sa_mask=[], sa_flags=0}, 8) = 0
rt_sigaction(SIGQUIT, {sa_handler=SIG_IGN, sa_mask=[], sa_flags=SA_RESTORER, sa_restorer=0x7f71c884df20}, {sa_handler=SIG_DFL, sa_mask=[], sa_flags=0}, 8) = 0
rt_sigprocmask(SIG_BLOCK, [CHLD], [], 8) = 0
clone(child_stack=NULL, flags=CLONE_PARENT_SETTID|SIGCHLD, parent_tidptr=0x7ffcde1f78cc) = 7854
wait4(7854, [{WIFEXITED(s) && WEXITSTATUS(s) == 0}], 0, NULL) = 7854
rt_sigaction(SIGINT, {sa_handler=SIG_DFL, sa_mask=[], sa_flags=SA_RESTORER, sa_restorer=0x7f71c884df20}, NULL, 8) = 0
rt_sigaction(SIGQUIT, {sa_handler=SIG_DFL, sa_mask=[], sa_flags=SA_RESTORER, sa_restorer=0x7f71c884df20}, NULL, 8) = 0
rt_sigprocmask(SIG_SETMASK, [], NULL, 8) = 0
--- SIGCHLD {si_signo=SIGCHLD, si_code=CLD_EXITED, si_pid=7854, si_uid=1000, si_status=0, si_utime=0, si_stime=0} ---
fstat(1, {st_mode=S_IFCHR|0620, st_rdev=makedev(136, 1), ...}) = 0
write(1, "Enter the port. You need 4 numbe"..., 36) = 36
fstat(0, {st_mode=S_IFCHR|0620, st_rdev=makedev(136, 1), ...}) = 0
write(1, "> ", 2)                       = 2
read(0, "1040\n", 1024)                 = 5
eventfd2(0, EFD_CLOEXEC)                = 3
fcntl(3, F_GETFL)                       = 0x2 (flags O_RDWR)
fcntl(3, F_SETFL, O_RDWR|O_NONBLOCK)    = 0
fcntl(3, F_GETFL)                       = 0x802 (flags O_RDWR|O_NONBLOCK)
fcntl(3, F_SETFL, O_RDWR|O_NONBLOCK)    = 0
eventfd2(0, EFD_CLOEXEC)                = 4
fcntl(4, F_GETFL)                       = 0x2 (flags O_RDWR)
fcntl(4, F_SETFL, O_RDWR|O_NONBLOCK)    = 0
fcntl(4, F_GETFL)                       = 0x802 (flags O_RDWR|O_NONBLOCK)
fcntl(4, F_SETFL, O_RDWR|O_NONBLOCK)    = 0
epoll_create1(EPOLL_CLOEXEC)            = 5
epoll_ctl(5, EPOLL_CTL_ADD, 4, {0, {u32=1927726528, u64=94499798173120}}) = 0
epoll_ctl(5, EPOLL_CTL_MOD, 4, {EPOLLIN, {u32=1927726528, u64=94499798173120}}) = 0
mmap(NULL, 8392704, PROT_NONE, MAP_PRIVATE|MAP_ANONYMOUS|MAP_STACK, -1, 0) = 0x7f71c74c7000
mprotect(0x7f71c74c8000, 8388608, PROT_READ|PROT_WRITE) = 0
clone(child_stack=0x7f71c7cc6fb0, flags=CLONE_VM|CLONE_FS|CLONE_FILES|CLONE_SIGHAND|CLONE_THREAD|CLONE_SYSVSEM|CLONE_SETTLS|CLONE_PARENT_SETTID|CLONE_CHILD_CLEARTID, parent_tidptr=0x7f71c7cc79d0, tls=0x7f71c7cc7700, child_tidptr=0x7f71c7cc79d0) = 7856
futex(0x7f71c860407c, FUTEX_WAKE_PRIVATE, 2147483647) = 0
futex(0x7f71c8604088, FUTEX_WAKE_PRIVATE, 2147483647) = 0
openat(AT_FDCWD, "/proc/self/task/7856/comm", O_RDWR) = 6
write(6, "ZMQbg/0", 7)                  = 7
close(6)                                = 0
eventfd2(0, EFD_CLOEXEC)                = 6
fcntl(6, F_GETFL)                       = 0x2 (flags O_RDWR)
fcntl(6, F_SETFL, O_RDWR|O_NONBLOCK)    = 0
fcntl(6, F_GETFL)                       = 0x802 (flags O_RDWR|O_NONBLOCK)
fcntl(6, F_SETFL, O_RDWR|O_NONBLOCK)    = 0
epoll_create1(EPOLL_CLOEXEC)            = 7
epoll_ctl(7, EPOLL_CTL_ADD, 6, {0, {u32=1927728496, u64=94499798175088}}) = 0
epoll_ctl(7, EPOLL_CTL_MOD, 6, {EPOLLIN, {u32=1927728496, u64=94499798175088}}) = 0
mmap(NULL, 8392704, PROT_NONE, MAP_PRIVATE|MAP_ANONYMOUS|MAP_STACK, -1, 0) = 0x7f71c6cc6000
mprotect(0x7f71c6cc7000, 8388608, PROT_READ|PROT_WRITE) = 0
clone(child_stack=0x7f71c74c5fb0, flags=CLONE_VM|CLONE_FS|CLONE_FILES|CLONE_SIGHAND|CLONE_THREAD|CLONE_SYSVSEM|CLONE_SETTLS|CLONE_PARENT_SETTID|CLONE_CHILD_CLEARTID, parent_tidptr=0x7f71c74c69d0, tls=0x7f71c74c6700, child_tidptr=0x7f71c74c69d0) = 7857
openat(AT_FDCWD, "/proc/self/task/7857/comm", O_RDWR) = 8
write(8, "ZMQbg/1", 7)                  = 7
close(8)                                = 0
eventfd2(0, EFD_CLOEXEC)                = 8
fcntl(8, F_GETFL)                       = 0x2 (flags O_RDWR)
fcntl(8, F_SETFL, O_RDWR|O_NONBLOCK)    = 0
fcntl(8, F_GETFL)                       = 0x802 (flags O_RDWR|O_NONBLOCK)
fcntl(8, F_SETFL, O_RDWR|O_NONBLOCK)    = 0
mmap(NULL, 8392704, PROT_NONE, MAP_PRIVATE|MAP_ANONYMOUS|MAP_STACK, -1, 0) = 0x7f71c64c5000
mprotect(0x7f71c64c6000, 8388608, PROT_READ|PROT_WRITE) = 0
clone(child_stack=0x7f71c6cc4fb0, flags=CLONE_VM|CLONE_FS|CLONE_FILES|CLONE_SIGHAND|CLONE_THREAD|CLONE_SYSVSEM|CLONE_SETTLS|CLONE_PARENT_SETTID|CLONE_CHILD_CLEARTID, parent_tidptr=0x7f71c6cc59d0, tls=0x7f71c6cc5700, child_tidptr=0x7f71c6cc59d0) = 7858
poll([{fd=8, events=POLLIN}], 1, 0)     = 0 (Timeout)
socket(AF_INET, SOCK_STREAM|SOCK_CLOEXEC, IPPROTO_TCP) = 9
setsockopt(9, SOL_SOCKET, SO_REUSEADDR, [1], 4) = 0
bind(9, {sa_family=AF_INET, sin_port=htons(1040), sin_addr=inet_addr("0.0.0.0")}, 16) = 0
listen(9, 100)                          = 0
getsockname(9, {sa_family=AF_INET, sin_port=htons(1040), sin_addr=inet_addr("0.0.0.0")}, [128->16]) = 0
write(6, "\1\0\0\0\0\0\0\0", 8)         = 8
write(8, "\1\0\0\0\0\0\0\0", 8)         = 8
poll([{fd=8, events=POLLIN}], 1, -1)    = 1 ([{fd=8, revents=POLLIN}])
read(8, "\1\0\0\0\0\0\0\0", 8)          = 8
poll([{fd=8, events=POLLIN}], 1, 0)     = 0 (Timeout)
poll([{fd=8, events=POLLIN}], 1, -1)    = ? ERESTART_RESTARTBLOCK (Interrupted by signal)
--- SIGCHLD {si_signo=SIGCHLD, si_code=CLD_EXITED, si_pid=7859, si_uid=1000, si_status=0, si_utime=0, si_stime=0} ---
restart_syscall(<... resuming interrupted poll ...>) = 1
read(8, "\1\0\0\0\0\0\0\0", 8)          = 8
poll([{fd=8, events=POLLIN}], 1, 0)     = 0 (Timeout)
poll([{fd=8, events=POLLIN}], 1, -1)    = 1 ([{fd=8, revents=POLLIN}])
read(8, "\1\0\0\0\0\0\0\0", 8)          = 8
write(6, "\1\0\0\0\0\0\0\0", 8)         = 8
write(6, "\1\0\0\0\0\0\0\0", 8)         = 8
poll([{fd=8, events=POLLIN}], 1, 0)     = 0 (Timeout)
write(6, "\1\0\0\0\0\0\0\0", 8)         = 8
poll([{fd=8, events=POLLIN}], 1, 0)     = 0 (Timeout)
write(6, "\1\0\0\0\0\0\0\0", 8)         = 8
poll([{fd=8, events=POLLIN}], 1, -1)    = 1 ([{fd=8, revents=POLLIN}])
read(8, "\1\0\0\0\0\0\0\0", 8)          = 8
poll([{fd=8, events=POLLIN}], 1, 0)     = 0 (Timeout)
poll([{fd=8, events=POLLIN}], 1, -1)    = 1 ([{fd=8, revents=POLLIN}])
read(8, "\1\0\0\0\0\0\0\0", 8)          = 8
poll([{fd=8, events=POLLIN}], 1, 0)     = 0 (Timeout)
poll([{fd=8, events=POLLIN}], 1, -1)    = 1 ([{fd=8, revents=POLLIN}])
read(8, "\1\0\0\0\0\0\0\0", 8)          = 8
write(6, "\1\0\0\0\0\0\0\0", 8)         = 8
write(6, "\1\0\0\0\0\0\0\0", 8)         = 8
poll([{fd=8, events=POLLIN}], 1, 0)     = 0 (Timeout)
write(6, "\1\0\0\0\0\0\0\0", 8)         = 8
poll([{fd=8, events=POLLIN}], 1, 0)     = 0 (Timeout)
write(6, "\1\0\0\0\0\0\0\0", 8)         = 8
poll([{fd=8, events=POLLIN}], 1, -1)    = 1 ([{fd=8, revents=POLLIN}])
read(8, "\1\0\0\0\0\0\0\0", 8)          = 8
poll([{fd=8, events=POLLIN}], 1, 0)     = 0 (Timeout)
poll([{fd=8, events=POLLIN}], 1, -1)    = 1 ([{fd=8, revents=POLLIN}])
read(8, "\1\0\0\0\0\0\0\0", 8)          = 8
poll([{fd=8, events=POLLIN}], 1, 0)     = 0 (Timeout)
poll([{fd=8, events=POLLIN}], 1, 0)     = 0 (Timeout)
write(6, "\1\0\0\0\0\0\0\0", 8)         = 8
poll([{fd=8, events=POLLIN}], 1, -1)    = 1 ([{fd=8, revents=POLLIN}])
read(8, "\1\0\0\0\0\0\0\0", 8)          = 8
poll([{fd=8, events=POLLIN}], 1, 0)     = 0 (Timeout)
poll([{fd=8, events=POLLIN}], 1, 0)     = 0 (Timeout)
write(6, "\1\0\0\0\0\0\0\0", 8)         = 8
poll([{fd=8, events=POLLIN}], 1, -1)    = 1 ([{fd=8, revents=POLLIN}])
read(8, "\1\0\0\0\0\0\0\0", 8)          = 8
poll([{fd=8, events=POLLIN}], 1, 0)     = 0 (Timeout)
poll([{fd=8, events=POLLIN}], 1, 0)     = 0 (Timeout)
write(6, "\1\0\0\0\0\0\0\0", 8)         = 8
poll([{fd=8, events=POLLIN}], 1, -1)    = 1 ([{fd=8, revents=POLLIN}])
read(8, "\1\0\0\0\0\0\0\0", 8)          = 8
poll([{fd=8, events=POLLIN}], 1, 0)     = 0 (Timeout)
poll([{fd=8, events=POLLIN}], 1, 0)     = 0 (Timeout)
write(6, "\1\0\0\0\0\0\0\0", 8)         = 8
poll([{fd=8, events=POLLIN}], 1, -1)    = 1 ([{fd=8, revents=POLLIN}])
read(8, "\1\0\0\0\0\0\0\0", 8)          = 8
poll([{fd=8, events=POLLIN}], 1, 0)     = 0 (Timeout)
poll([{fd=8, events=POLLIN}], 1, 0)     = 0 (Timeout)
write(6, "\1\0\0\0\0\0\0\0", 8)         = 8
poll([{fd=8, events=POLLIN}], 1, -1)    = 1 ([{fd=8, revents=POLLIN}])
read(8, "\1\0\0\0\0\0\0\0", 8)          = 8
poll([{fd=8, events=POLLIN}], 1, 0)     = 0 (Timeout)
poll([{fd=8, events=POLLIN}], 1, 0)     = 0 (Timeout)
write(6, "\1\0\0\0\0\0\0\0", 8)         = 8
poll([{fd=8, events=POLLIN}], 1, -1)    = 1 ([{fd=8, revents=POLLIN}])
read(8, "\1\0\0\0\0\0\0\0", 8)          = 8
poll([{fd=8, events=POLLIN}], 1, 0)     = 0 (Timeout)
poll([{fd=8, events=POLLIN}], 1, 0)     = 0 (Timeout)
write(6, "\1\0\0\0\0\0\0\0", 8)         = 8
poll([{fd=8, events=POLLIN}], 1, -1)    = 1 ([{fd=8, revents=POLLIN}])
read(8, "\1\0\0\0\0\0\0\0", 8)          = 8
poll([{fd=8, events=POLLIN}], 1, 0)     = 0 (Timeout)
poll([{fd=8, events=POLLIN}], 1, 0)     = 0 (Timeout)
write(6, "\1\0\0\0\0\0\0\0", 8)         = 8
poll([{fd=8, events=POLLIN}], 1, -1)    = 1 ([{fd=8, revents=POLLIN}])
read(8, "\1\0\0\0\0\0\0\0", 8)          = 8
poll([{fd=8, events=POLLIN}], 1, 0)     = 0 (Timeout)
poll([{fd=8, events=POLLIN}], 1, 0)     = 0 (Timeout)
write(6, "\1\0\0\0\0\0\0\0", 8)         = 8
poll([{fd=8, events=POLLIN}], 1, -1)    = 1 ([{fd=8, revents=POLLIN}])
read(8, "\1\0\0\0\0\0\0\0", 8)          = 8
poll([{fd=8, events=POLLIN}], 1, 0)     = 0 (Timeout)
poll([{fd=8, events=POLLIN}], 1, 0)     = 0 (Timeout)
write(6, "\1\0\0\0\0\0\0\0", 8)         = 8
poll([{fd=8, events=POLLIN}], 1, -1)    = 1 ([{fd=8, revents=POLLIN}])
read(8, "\1\0\0\0\0\0\0\0", 8)          = 8
poll([{fd=8, events=POLLIN}], 1, 0)     = 0 (Timeout)
poll([{fd=8, events=POLLIN}], 1, 0)     = 0 (Timeout)
write(6, "\1\0\0\0\0\0\0\0", 8)         = 8
poll([{fd=8, events=POLLIN}], 1, -1)    = 1 ([{fd=8, revents=POLLIN}])
read(8, "\1\0\0\0\0\0\0\0", 8)          = 8
poll([{fd=8, events=POLLIN}], 1, 0)     = 0 (Timeout)
poll([{fd=8, events=POLLIN}], 1, 0)     = 0 (Timeout)
write(6, "\1\0\0\0\0\0\0\0", 8)         = 8
poll([{fd=8, events=POLLIN}], 1, -1)    = 1 ([{fd=8, revents=POLLIN}])
read(8, "\1\0\0\0\0\0\0\0", 8)          = 8
poll([{fd=8, events=POLLIN}], 1, 0)     = 0 (Timeout)
poll([{fd=8, events=POLLIN}], 1, 0)     = 0 (Timeout)
write(6, "\1\0\0\0\0\0\0\0", 8)         = 8
poll([{fd=8, events=POLLIN}], 1, -1)    = 1 ([{fd=8, revents=POLLIN}])
read(8, "\1\0\0\0\0\0\0\0", 8)          = 8
poll([{fd=8, events=POLLIN}], 1, 0)     = 0 (Timeout)
poll([{fd=8, events=POLLIN}], 1, 0)     = 0 (Timeout)
write(6, "\1\0\0\0\0\0\0\0", 8)         = 8
poll([{fd=8, events=POLLIN}], 1, -1)    = 1 ([{fd=8, revents=POLLIN}])
read(8, "\1\0\0\0\0\0\0\0", 8)          = 8
poll([{fd=8, events=POLLIN}], 1, 0)     = 0 (Timeout)
poll([{fd=8, events=POLLIN}], 1, 0)     = 0 (Timeout)
write(6, "\1\0\0\0\0\0\0\0", 8)         = 8
poll([{fd=8, events=POLLIN}], 1, -1)    = 1 ([{fd=8, revents=POLLIN}])
read(8, "\1\0\0\0\0\0\0\0", 8)          = 8
poll([{fd=8, events=POLLIN}], 1, 0)     = 0 (Timeout)
poll([{fd=8, events=POLLIN}], 1, 0)     = 0 (Timeout)
write(6, "\1\0\0\0\0\0\0\0", 8)         = 8
poll([{fd=8, events=POLLIN}], 1, -1)    = 1 ([{fd=8, revents=POLLIN}])
read(8, "\1\0\0\0\0\0\0\0", 8)          = 8
poll([{fd=8, events=POLLIN}], 1, 0)     = 0 (Timeout)
poll([{fd=8, events=POLLIN}], 1, 0)     = 0 (Timeout)
write(6, "\1\0\0\0\0\0\0\0", 8)         = 8
poll([{fd=8, events=POLLIN}], 1, -1)    = 1 ([{fd=8, revents=POLLIN}])
read(8, "\1\0\0\0\0\0\0\0", 8)          = 8
poll([{fd=8, events=POLLIN}], 1, 0)     = 0 (Timeout)
poll([{fd=8, events=POLLIN}], 1, 0)     = 0 (Timeout)
write(6, "\1\0\0\0\0\0\0\0", 8)         = 8
poll([{fd=8, events=POLLIN}], 1, -1)    = 1 ([{fd=8, revents=POLLIN}])
read(8, "\1\0\0\0\0\0\0\0", 8)          = 8
poll([{fd=8, events=POLLIN}], 1, 0)     = 0 (Timeout)
poll([{fd=8, events=POLLIN}], 1, 0)     = 0 (Timeout)
write(6, "\1\0\0\0\0\0\0\0", 8)         = 8
poll([{fd=8, events=POLLIN}], 1, -1)    = 1 ([{fd=8, revents=POLLIN}])
read(8, "\1\0\0\0\0\0\0\0", 8)          = 8
poll([{fd=8, events=POLLIN}], 1, 0)     = 0 (Timeout)
poll([{fd=8, events=POLLIN}], 1, 0)     = 0 (Timeout)
write(6, "\1\0\0\0\0\0\0\0", 8)         = 8
poll([{fd=8, events=POLLIN}], 1, -1)    = 1 ([{fd=8, revents=POLLIN}])
read(8, "\1\0\0\0\0\0\0\0", 8)          = 8
poll([{fd=8, events=POLLIN}], 1, 0)     = 0 (Timeout)
write(6, "\1\0\0\0\0\0\0\0", 8)         = 8
poll([{fd=8, events=POLLIN}], 1, 0)     = 0 (Timeout)
write(6, "\1\0\0\0\0\0\0\0", 8)         = 8
poll([{fd=8, events=POLLIN}], 1, -1)    = 1 ([{fd=8, revents=POLLIN}])
read(8, "\1\0\0\0\0\0\0\0", 8)          = 8
poll([{fd=8, events=POLLIN}], 1, 0)     = 0 (Timeout)
poll([{fd=8, events=POLLIN}], 1, -1)    = 1 ([{fd=8, revents=POLLIN}])
read(8, "\1\0\0\0\0\0\0\0", 8)          = 8
poll([{fd=8, events=POLLIN}], 1, 0)     = 0 (Timeout)
poll([{fd=8, events=POLLIN}], 1, 0)     = 0 (Timeout)
write(6, "\1\0\0\0\0\0\0\0", 8)         = 8
poll([{fd=8, events=POLLIN}], 1, -1)    = 1 ([{fd=8, revents=POLLIN}])
read(8, "\1\0\0\0\0\0\0\0", 8)          = 8
poll([{fd=8, events=POLLIN}], 1, 0)     = 0 (Timeout)
poll([{fd=8, events=POLLIN}], 1, 0)     = 0 (Timeout)
write(6, "\1\0\0\0\0\0\0\0", 8)         = 8
poll([{fd=8, events=POLLIN}], 1, -1)    = 1 ([{fd=8, revents=POLLIN}])
read(8, "\1\0\0\0\0\0\0\0", 8)          = 8
poll([{fd=8, events=POLLIN}], 1, 0)     = 0 (Timeout)
poll([{fd=8, events=POLLIN}], 1, 0)     = 0 (Timeout)
write(6, "\1\0\0\0\0\0\0\0", 8)         = 8
poll([{fd=8, events=POLLIN}], 1, -1)    = 1 ([{fd=8, revents=POLLIN}])
read(8, "\1\0\0\0\0\0\0\0", 8)          = 8
poll([{fd=8, events=POLLIN}], 1, 0)     = 0 (Timeout)
poll([{fd=8, events=POLLIN}], 1, 0)     = 0 (Timeout)
write(6, "\1\0\0\0\0\0\0\0", 8)         = 8
poll([{fd=8, events=POLLIN}], 1, -1)    = 1 ([{fd=8, revents=POLLIN}])
read(8, "\1\0\0\0\0\0\0\0", 8)          = 8
poll([{fd=8, events=POLLIN}], 1, 0)     = 0 (Timeout)
poll([{fd=8, events=POLLIN}], 1, 0)     = 0 (Timeout)
write(6, "\1\0\0\0\0\0\0\0", 8)         = 8
poll([{fd=8, events=POLLIN}], 1, -1)    = 1 ([{fd=8, revents=POLLIN}])
read(8, "\1\0\0\0\0\0\0\0", 8)          = 8
poll([{fd=8, events=POLLIN}], 1, 0)     = 0 (Timeout)
poll([{fd=8, events=POLLIN}], 1, 0)     = 0 (Timeout)
write(6, "\1\0\0\0\0\0\0\0", 8)         = 8
poll([{fd=8, events=POLLIN}], 1, -1)    = 1 ([{fd=8, revents=POLLIN}])
read(8, "\1\0\0\0\0\0\0\0", 8)          = 8
poll([{fd=8, events=POLLIN}], 1, 0)     = 0 (Timeout)
poll([{fd=8, events=POLLIN}], 1, 0)     = 0 (Timeout)
write(6, "\1\0\0\0\0\0\0\0", 8)         = 8
poll([{fd=8, events=POLLIN}], 1, -1)    = 1 ([{fd=8, revents=POLLIN}])
read(8, "\1\0\0\0\0\0\0\0", 8)          = 8
poll([{fd=8, events=POLLIN}], 1, 0)     = 0 (Timeout)
poll([{fd=8, events=POLLIN}], 1, 0)     = 0 (Timeout)
write(6, "\1\0\0\0\0\0\0\0", 8)         = 8
poll([{fd=8, events=POLLIN}], 1, -1)    = 1 ([{fd=8, revents=POLLIN}])
read(8, "\1\0\0\0\0\0\0\0", 8)          = 8
poll([{fd=8, events=POLLIN}], 1, 0)     = 0 (Timeout)
poll([{fd=8, events=POLLIN}], 1, 0)     = 0 (Timeout)
write(6, "\1\0\0\0\0\0\0\0", 8)         = 8
poll([{fd=8, events=POLLIN}], 1, -1)    = 1 ([{fd=8, revents=POLLIN}])
read(8, "\1\0\0\0\0\0\0\0", 8)          = 8
poll([{fd=8, events=POLLIN}], 1, 0)     = 0 (Timeout)
poll([{fd=8, events=POLLIN}], 1, 0)     = 0 (Timeout)
write(6, "\1\0\0\0\0\0\0\0", 8)         = 8
poll([{fd=8, events=POLLIN}], 1, -1)    = 1 ([{fd=8, revents=POLLIN}])
read(8, "\1\0\0\0\0\0\0\0", 8)          = 8
poll([{fd=8, events=POLLIN}], 1, 0)     = 0 (Timeout)
poll([{fd=8, events=POLLIN}], 1, 0)     = 0 (Timeout)
write(6, "\1\0\0\0\0\0\0\0", 8)         = 8
poll([{fd=8, events=POLLIN}], 1, -1)    = 1 ([{fd=8, revents=POLLIN}])
read(8, "\1\0\0\0\0\0\0\0", 8)          = 8
poll([{fd=8, events=POLLIN}], 1, 0)     = 0 (Timeout)
poll([{fd=8, events=POLLIN}], 1, 0)     = 0 (Timeout)
write(6, "\1\0\0\0\0\0\0\0", 8)         = 8
poll([{fd=8, events=POLLIN}], 1, -1)    = 1 ([{fd=8, revents=POLLIN}])
read(8, "\1\0\0\0\0\0\0\0", 8)          = 8
poll([{fd=8, events=POLLIN}], 1, 0)     = 0 (Timeout)
poll([{fd=8, events=POLLIN}], 1, 0)     = 0 (Timeout)
write(6, "\1\0\0\0\0\0\0\0", 8)         = 8
poll([{fd=8, events=POLLIN}], 1, -1)    = 1 ([{fd=8, revents=POLLIN}])
read(8, "\1\0\0\0\0\0\0\0", 8)          = 8
poll([{fd=8, events=POLLIN}], 1, 0)     = 0 (Timeout)
poll([{fd=8, events=POLLIN}], 1, 0)     = 0 (Timeout)
write(6, "\1\0\0\0\0\0\0\0", 8)         = 8
poll([{fd=8, events=POLLIN}], 1, -1)    = 1 ([{fd=8, revents=POLLIN}])
read(8, "\1\0\0\0\0\0\0\0", 8)          = 8
poll([{fd=8, events=POLLIN}], 1, 0)     = 0 (Timeout)
poll([{fd=8, events=POLLIN}], 1, 0)     = 0 (Timeout)
write(6, "\1\0\0\0\0\0\0\0", 8)         = 8
poll([{fd=8, events=POLLIN}], 1, -1)    = 1 ([{fd=8, revents=POLLIN}])
read(8, "\1\0\0\0\0\0\0\0", 8)          = 8
poll([{fd=8, events=POLLIN}], 1, 0)     = 0 (Timeout)
poll([{fd=8, events=POLLIN}], 1, 0)     = 0 (Timeout)
write(6, "\1\0\0\0\0\0\0\0", 8)         = 8
poll([{fd=8, events=POLLIN}], 1, -1)    = 1 ([{fd=8, revents=POLLIN}])
read(8, "\1\0\0\0\0\0\0\0", 8)          = 8
poll([{fd=8, events=POLLIN}], 1, 0)     = 0 (Timeout)
poll([{fd=8, events=POLLIN}], 1, 0)     = 0 (Timeout)
write(6, "\1\0\0\0\0\0\0\0", 8)         = 8
poll([{fd=8, events=POLLIN}], 1, -1)    = 1 ([{fd=8, revents=POLLIN}])
read(8, "\1\0\0\0\0\0\0\0", 8)          = 8
poll([{fd=8, events=POLLIN}], 1, 0)     = 0 (Timeout)
poll([{fd=8, events=POLLIN}], 1, 0)     = 0 (Timeout)
write(6, "\1\0\0\0\0\0\0\0", 8)         = 8
poll([{fd=8, events=POLLIN}], 1, -1)    = 1 ([{fd=8, revents=POLLIN}])
read(8, "\1\0\0\0\0\0\0\0", 8)          = 8
poll([{fd=8, events=POLLIN}], 1, 0)     = 0 (Timeout)
poll([{fd=8, events=POLLIN}], 1, 0)     = 0 (Timeout)
write(6, "\1\0\0\0\0\0\0\0", 8)         = 8
poll([{fd=8, events=POLLIN}], 1, -1)    = 1 ([{fd=8, revents=POLLIN}])
read(8, "\1\0\0\0\0\0\0\0", 8)          = 8
poll([{fd=8, events=POLLIN}], 1, 0)     = 0 (Timeout)
poll([{fd=8, events=POLLIN}], 1, 0)     = 0 (Timeout)
write(6, "\1\0\0\0\0\0\0\0", 8)         = 8
poll([{fd=8, events=POLLIN}], 1, -1)    = 1 ([{fd=8, revents=POLLIN}])
read(8, "\1\0\0\0\0\0\0\0", 8)          = 8
poll([{fd=8, events=POLLIN}], 1, 0)     = 0 (Timeout)
poll([{fd=8, events=POLLIN}], 1, 0)     = 0 (Timeout)
write(6, "\1\0\0\0\0\0\0\0", 8)         = 8
poll([{fd=8, events=POLLIN}], 1, -1)    = 1 ([{fd=8, revents=POLLIN}])
read(8, "\1\0\0\0\0\0\0\0", 8)          = 8
poll([{fd=8, events=POLLIN}], 1, 0)     = 0 (Timeout)
poll([{fd=8, events=POLLIN}], 1, 0)     = 0 (Timeout)
write(6, "\1\0\0\0\0\0\0\0", 8)         = 8
poll([{fd=8, events=POLLIN}], 1, -1)    = 1 ([{fd=8, revents=POLLIN}])
read(8, "\1\0\0\0\0\0\0\0", 8)          = 8
poll([{fd=8, events=POLLIN}], 1, 0)     = 0 (Timeout)
poll([{fd=8, events=POLLIN}], 1, 0)     = 0 (Timeout)
write(6, "\1\0\0\0\0\0\0\0", 8)         = 8
poll([{fd=8, events=POLLIN}], 1, -1)    = 1 ([{fd=8, revents=POLLIN}])
read(8, "\1\0\0\0\0\0\0\0", 8)          = 8
poll([{fd=8, events=POLLIN}], 1, 0)     = 0 (Timeout)
poll([{fd=8, events=POLLIN}], 1, 0)     = 0 (Timeout)
write(6, "\1\0\0\0\0\0\0\0", 8)         = 8
poll([{fd=8, events=POLLIN}], 1, -1)    = 1 ([{fd=8, revents=POLLIN}])
read(8, "\1\0\0\0\0\0\0\0", 8)          = 8
poll([{fd=8, events=POLLIN}], 1, 0)     = 0 (Timeout)
poll([{fd=8, events=POLLIN}], 1, 0)     = 0 (Timeout)
write(6, "\1\0\0\0\0\0\0\0", 8)         = 8
poll([{fd=8, events=POLLIN}], 1, -1)    = 1 ([{fd=8, revents=POLLIN}])
read(8, "\1\0\0\0\0\0\0\0", 8)          = 8
poll([{fd=8, events=POLLIN}], 1, 0)     = 0 (Timeout)
poll([{fd=8, events=POLLIN}], 1, 0)     = 0 (Timeout)
write(6, "\1\0\0\0\0\0\0\0", 8)         = 8
poll([{fd=8, events=POLLIN}], 1, -1)    = 1 ([{fd=8, revents=POLLIN}])
read(8, "\1\0\0\0\0\0\0\0", 8)          = 8
poll([{fd=8, events=POLLIN}], 1, 0)     = 0 (Timeout)
poll([{fd=8, events=POLLIN}], 1, 0)     = 0 (Timeout)
write(6, "\1\0\0\0\0\0\0\0", 8)         = 8
poll([{fd=8, events=POLLIN}], 1, -1)    = 1 ([{fd=8, revents=POLLIN}])
read(8, "\1\0\0\0\0\0\0\0", 8)          = 8
poll([{fd=8, events=POLLIN}], 1, 0)     = 0 (Timeout)
poll([{fd=8, events=POLLIN}], 1, 0)     = 0 (Timeout)
write(6, "\1\0\0\0\0\0\0\0", 8)         = 8
poll([{fd=8, events=POLLIN}], 1, -1)    = 1 ([{fd=8, revents=POLLIN}])
read(8, "\1\0\0\0\0\0\0\0", 8)          = 8
poll([{fd=8, events=POLLIN}], 1, 0)     = 0 (Timeout)
poll([{fd=8, events=POLLIN}], 1, 0)     = 0 (Timeout)
write(6, "\1\0\0\0\0\0\0\0", 8)         = 8
poll([{fd=8, events=POLLIN}], 1, -1)    = 1 ([{fd=8, revents=POLLIN}])
read(8, "\1\0\0\0\0\0\0\0", 8)          = 8
poll([{fd=8, events=POLLIN}], 1, 0)     = 0 (Timeout)
poll([{fd=8, events=POLLIN}], 1, 0)     = 0 (Timeout)
write(6, "\1\0\0\0\0\0\0\0", 8)         = 8
poll([{fd=8, events=POLLIN}], 1, -1)    = 1 ([{fd=8, revents=POLLIN}])
read(8, "\1\0\0\0\0\0\0\0", 8)          = 8
poll([{fd=8, events=POLLIN}], 1, 0)     = 0 (Timeout)
poll([{fd=8, events=POLLIN}], 1, 0)     = 0 (Timeout)
write(6, "\1\0\0\0\0\0\0\0", 8)         = 8
poll([{fd=8, events=POLLIN}], 1, -1)    = 1 ([{fd=8, revents=POLLIN}])
read(8, "\1\0\0\0\0\0\0\0", 8)          = 8
poll([{fd=8, events=POLLIN}], 1, 0)     = 0 (Timeout)
poll([{fd=8, events=POLLIN}], 1, 0)     = 0 (Timeout)
write(6, "\1\0\0\0\0\0\0\0", 8)         = 8
poll([{fd=8, events=POLLIN}], 1, -1)    = 1 ([{fd=8, revents=POLLIN}])
read(8, "\1\0\0\0\0\0\0\0", 8)          = 8
poll([{fd=8, events=POLLIN}], 1, 0)     = 0 (Timeout)
poll([{fd=8, events=POLLIN}], 1, 0)     = 0 (Timeout)
write(6, "\1\0\0\0\0\0\0\0", 8)         = 8
poll([{fd=8, events=POLLIN}], 1, -1)    = 1 ([{fd=8, revents=POLLIN}])
read(8, "\1\0\0\0\0\0\0\0", 8)          = 8
poll([{fd=8, events=POLLIN}], 1, 0)     = 0 (Timeout)
poll([{fd=8, events=POLLIN}], 1, 0)     = 0 (Timeout)
write(6, "\1\0\0\0\0\0\0\0", 8)         = 8
poll([{fd=8, events=POLLIN}], 1, -1)    = 1 ([{fd=8, revents=POLLIN}])
read(8, "\1\0\0\0\0\0\0\0", 8)          = 8
poll([{fd=8, events=POLLIN}], 1, 0)     = 0 (Timeout)
poll([{fd=8, events=POLLIN}], 1, 0)     = 0 (Timeout)
write(6, "\1\0\0\0\0\0\0\0", 8)         = 8
poll([{fd=8, events=POLLIN}], 1, -1)    = 1 ([{fd=8, revents=POLLIN}])
read(8, "\1\0\0\0\0\0\0\0", 8)          = 8
poll([{fd=8, events=POLLIN}], 1, 0)     = 0 (Timeout)
poll([{fd=8, events=POLLIN}], 1, 0)     = 0 (Timeout)
write(6, "\1\0\0\0\0\0\0\0", 8)         = 8
poll([{fd=8, events=POLLIN}], 1, -1)    = 1 ([{fd=8, revents=POLLIN}])
read(8, "\1\0\0\0\0\0\0\0", 8)          = 8
poll([{fd=8, events=POLLIN}], 1, 0)     = 0 (Timeout)
poll([{fd=8, events=POLLIN}], 1, 0)     = 0 (Timeout)
write(6, "\1\0\0\0\0\0\0\0", 8)         = 8
poll([{fd=8, events=POLLIN}], 1, -1)    = 1 ([{fd=8, revents=POLLIN}])
read(8, "\1\0\0\0\0\0\0\0", 8)          = 8
poll([{fd=8, events=POLLIN}], 1, 0)     = 0 (Timeout)
poll([{fd=8, events=POLLIN}], 1, 0)     = 0 (Timeout)
write(6, "\1\0\0\0\0\0\0\0", 8)         = 8
poll([{fd=8, events=POLLIN}], 1, -1)    = 1 ([{fd=8, revents=POLLIN}])
read(8, "\1\0\0\0\0\0\0\0", 8)          = 8
poll([{fd=8, events=POLLIN}], 1, 0)     = 0 (Timeout)
poll([{fd=8, events=POLLIN}], 1, 0)     = 0 (Timeout)
write(6, "\1\0\0\0\0\0\0\0", 8)         = 8
poll([{fd=8, events=POLLIN}], 1, -1)    = 1 ([{fd=8, revents=POLLIN}])
read(8, "\1\0\0\0\0\0\0\0", 8)          = 8
poll([{fd=8, events=POLLIN}], 1, 0)     = 0 (Timeout)
poll([{fd=8, events=POLLIN}], 1, 0)     = 0 (Timeout)
write(6, "\1\0\0\0\0\0\0\0", 8)         = 8
poll([{fd=8, events=POLLIN}], 1, -1)    = 1 ([{fd=8, revents=POLLIN}])
read(8, "\1\0\0\0\0\0\0\0", 8)          = 8
poll([{fd=8, events=POLLIN}], 1, 0)     = 0 (Timeout)
poll([{fd=8, events=POLLIN}], 1, 0)     = 0 (Timeout)
write(6, "\1\0\0\0\0\0\0\0", 8)         = 8
poll([{fd=8, events=POLLIN}], 1, -1)    = 1 ([{fd=8, revents=POLLIN}])
read(8, "\1\0\0\0\0\0\0\0", 8)          = 8
poll([{fd=8, events=POLLIN}], 1, 0)     = 0 (Timeout)
poll([{fd=8, events=POLLIN}], 1, 0)     = 0 (Timeout)
write(6, "\1\0\0\0\0\0\0\0", 8)         = 8
poll([{fd=8, events=POLLIN}], 1, -1)    = 1 ([{fd=8, revents=POLLIN}])
read(8, "\1\0\0\0\0\0\0\0", 8)          = 8
poll([{fd=8, events=POLLIN}], 1, 0)     = 0 (Timeout)
poll([{fd=8, events=POLLIN}], 1, 0)     = 0 (Timeout)
write(6, "\1\0\0\0\0\0\0\0", 8)         = 8
poll([{fd=8, events=POLLIN}], 1, -1)    = 1 ([{fd=8, revents=POLLIN}])
read(8, "\1\0\0\0\0\0\0\0", 8)          = 8
poll([{fd=8, events=POLLIN}], 1, 0)     = 0 (Timeout)
poll([{fd=8, events=POLLIN}], 1, 0)     = 0 (Timeout)
write(6, "\1\0\0\0\0\0\0\0", 8)         = 8
poll([{fd=8, events=POLLIN}], 1, -1)    = 1 ([{fd=8, revents=POLLIN}])
read(8, "\1\0\0\0\0\0\0\0", 8)          = 8
poll([{fd=8, events=POLLIN}], 1, 0)     = 0 (Timeout)
poll([{fd=8, events=POLLIN}], 1, 0)     = 0 (Timeout)
write(6, "\1\0\0\0\0\0\0\0", 8)         = 8
poll([{fd=8, events=POLLIN}], 1, -1)    = 1 ([{fd=8, revents=POLLIN}])
read(8, "\1\0\0\0\0\0\0\0", 8)          = 8
poll([{fd=8, events=POLLIN}], 1, 0)     = 0 (Timeout)
poll([{fd=8, events=POLLIN}], 1, 0)     = 0 (Timeout)
write(6, "\1\0\0\0\0\0\0\0", 8)         = 8
poll([{fd=8, events=POLLIN}], 1, -1)    = 1 ([{fd=8, revents=POLLIN}])
read(8, "\1\0\0\0\0\0\0\0", 8)          = 8
poll([{fd=8, events=POLLIN}], 1, 0)     = 0 (Timeout)
poll([{fd=8, events=POLLIN}], 1, 0)     = 0 (Timeout)
write(6, "\1\0\0\0\0\0\0\0", 8)         = 8
poll([{fd=8, events=POLLIN}], 1, -1)    = 1 ([{fd=8, revents=POLLIN}])
read(8, "\1\0\0\0\0\0\0\0", 8)          = 8
poll([{fd=8, events=POLLIN}], 1, 0)     = 0 (Timeout)
poll([{fd=8, events=POLLIN}], 1, 0)     = 0 (Timeout)
write(6, "\1\0\0\0\0\0\0\0", 8)         = 8
poll([{fd=8, events=POLLIN}], 1, -1)    = 1 ([{fd=8, revents=POLLIN}])
read(8, "\1\0\0\0\0\0\0\0", 8)          = 8
poll([{fd=8, events=POLLIN}], 1, 0)     = 0 (Timeout)
poll([{fd=8, events=POLLIN}], 1, 0)     = 0 (Timeout)
write(6, "\1\0\0\0\0\0\0\0", 8)         = 8
poll([{fd=8, events=POLLIN}], 1, -1)    = 1 ([{fd=8, revents=POLLIN}])
read(8, "\1\0\0\0\0\0\0\0", 8)          = 8
poll([{fd=8, events=POLLIN}], 1, 0)     = 0 (Timeout)
poll([{fd=8, events=POLLIN}], 1, 0)     = 0 (Timeout)
write(6, "\1\0\0\0\0\0\0\0", 8)         = 8
poll([{fd=8, events=POLLIN}], 1, -1)    = 1 ([{fd=8, revents=POLLIN}])
read(8, "\1\0\0\0\0\0\0\0", 8)          = 8
poll([{fd=8, events=POLLIN}], 1, 0)     = 0 (Timeout)
poll([{fd=8, events=POLLIN}], 1, 0)     = 0 (Timeout)
write(6, "\1\0\0\0\0\0\0\0", 8)         = 8
poll([{fd=8, events=POLLIN}], 1, -1)    = 1 ([{fd=8, revents=POLLIN}])
read(8, "\1\0\0\0\0\0\0\0", 8)          = 8
poll([{fd=8, events=POLLIN}], 1, 0)     = 0 (Timeout)
poll([{fd=8, events=POLLIN}], 1, 0)     = 0 (Timeout)
write(6, "\1\0\0\0\0\0\0\0", 8)         = 8
poll([{fd=8, events=POLLIN}], 1, -1)    = 1 ([{fd=8, revents=POLLIN}])
read(8, "\1\0\0\0\0\0\0\0", 8)          = 8
poll([{fd=8, events=POLLIN}], 1, 0)     = 0 (Timeout)
poll([{fd=8, events=POLLIN}], 1, 0)     = 0 (Timeout)
write(6, "\1\0\0\0\0\0\0\0", 8)         = 8
poll([{fd=8, events=POLLIN}], 1, -1)    = 1 ([{fd=8, revents=POLLIN}])
read(8, "\1\0\0\0\0\0\0\0", 8)          = 8
poll([{fd=8, events=POLLIN}], 1, 0)     = 0 (Timeout)
poll([{fd=8, events=POLLIN}], 1, 0)     = 0 (Timeout)
write(6, "\1\0\0\0\0\0\0\0", 8)         = 8
poll([{fd=8, events=POLLIN}], 1, -1)    = 1 ([{fd=8, revents=POLLIN}])
read(8, "\1\0\0\0\0\0\0\0", 8)          = 8
poll([{fd=8, events=POLLIN}], 1, 0)     = 0 (Timeout)
poll([{fd=8, events=POLLIN}], 1, 0)     = 0 (Timeout)
write(6, "\1\0\0\0\0\0\0\0", 8)         = 8
poll([{fd=8, events=POLLIN}], 1, -1)    = 1 ([{fd=8, revents=POLLIN}])
read(8, "\1\0\0\0\0\0\0\0", 8)          = 8
poll([{fd=8, events=POLLIN}], 1, 0)     = 0 (Timeout)
poll([{fd=8, events=POLLIN}], 1, 0)     = 0 (Timeout)
write(6, "\1\0\0\0\0\0\0\0", 8)         = 8
poll([{fd=8, events=POLLIN}], 1, -1)    = 1 ([{fd=8, revents=POLLIN}])
read(8, "\1\0\0\0\0\0\0\0", 8)          = 8
poll([{fd=8, events=POLLIN}], 1, 0)     = 0 (Timeout)
poll([{fd=8, events=POLLIN}], 1, 0)     = 0 (Timeout)
write(6, "\1\0\0\0\0\0\0\0", 8)         = 8
poll([{fd=8, events=POLLIN}], 1, -1)    = 1 ([{fd=8, revents=POLLIN}])
read(8, "\1\0\0\0\0\0\0\0", 8)          = 8
poll([{fd=8, events=POLLIN}], 1, 0)     = 0 (Timeout)
poll([{fd=8, events=POLLIN}], 1, 0)     = 0 (Timeout)
write(6, "\1\0\0\0\0\0\0\0", 8)         = 8
poll([{fd=8, events=POLLIN}], 1, -1)    = 1 ([{fd=8, revents=POLLIN}])
read(8, "\1\0\0\0\0\0\0\0", 8)          = 8
poll([{fd=8, events=POLLIN}], 1, 0)     = 0 (Timeout)
poll([{fd=8, events=POLLIN}], 1, 0)     = 0 (Timeout)
write(6, "\1\0\0\0\0\0\0\0", 8)         = 8
poll([{fd=8, events=POLLIN}], 1, -1)    = 1 ([{fd=8, revents=POLLIN}])
read(8, "\1\0\0\0\0\0\0\0", 8)          = 8
poll([{fd=8, events=POLLIN}], 1, 0)     = 0 (Timeout)
poll([{fd=8, events=POLLIN}], 1, 0)     = 0 (Timeout)
write(6, "\1\0\0\0\0\0\0\0", 8)         = 8
poll([{fd=8, events=POLLIN}], 1, -1)    = 1 ([{fd=8, revents=POLLIN}])
read(8, "\1\0\0\0\0\0\0\0", 8)          = 8
poll([{fd=8, events=POLLIN}], 1, 0)     = 0 (Timeout)
poll([{fd=8, events=POLLIN}], 1, 0)     = 0 (Timeout)
write(6, "\1\0\0\0\0\0\0\0", 8)         = 8
poll([{fd=8, events=POLLIN}], 1, -1)    = 1 ([{fd=8, revents=POLLIN}])
read(8, "\1\0\0\0\0\0\0\0", 8)          = 8
poll([{fd=8, events=POLLIN}], 1, 0)     = 0 (Timeout)
poll([{fd=8, events=POLLIN}], 1, 0)     = 0 (Timeout)
write(6, "\1\0\0\0\0\0\0\0", 8)         = 8
poll([{fd=8, events=POLLIN}], 1, -1)    = 1 ([{fd=8, revents=POLLIN}])
read(8, "\1\0\0\0\0\0\0\0", 8)          = 8
poll([{fd=8, events=POLLIN}], 1, 0)     = 0 (Timeout)
poll([{fd=8, events=POLLIN}], 1, 0)     = 0 (Timeout)
write(6, "\1\0\0\0\0\0\0\0", 8)         = 8
poll([{fd=8, events=POLLIN}], 1, -1)    = 1 ([{fd=8, revents=POLLIN}])
read(8, "\1\0\0\0\0\0\0\0", 8)          = 8
poll([{fd=8, events=POLLIN}], 1, 0)     = 0 (Timeout)
poll([{fd=8, events=POLLIN}], 1, 0)     = 0 (Timeout)
write(6, "\1\0\0\0\0\0\0\0", 8)         = 8
poll([{fd=8, events=POLLIN}], 1, -1)    = 1 ([{fd=8, revents=POLLIN}])
read(8, "\1\0\0\0\0\0\0\0", 8)          = 8
poll([{fd=8, events=POLLIN}], 1, 0)     = 0 (Timeout)
poll([{fd=8, events=POLLIN}], 1, 0)     = 0 (Timeout)
write(6, "\1\0\0\0\0\0\0\0", 8)         = 8
poll([{fd=8, events=POLLIN}], 1, -1)    = 1 ([{fd=8, revents=POLLIN}])
read(8, "\1\0\0\0\0\0\0\0", 8)          = 8
poll([{fd=8, events=POLLIN}], 1, 0)     = 0 (Timeout)
poll([{fd=8, events=POLLIN}], 1, 0)     = 0 (Timeout)
write(6, "\1\0\0\0\0\0\0\0", 8)         = 8
poll([{fd=8, events=POLLIN}], 1, -1)    = 1 ([{fd=8, revents=POLLIN}])
read(8, "\1\0\0\0\0\0\0\0", 8)          = 8
poll([{fd=8, events=POLLIN}], 1, 0)     = 0 (Timeout)
poll([{fd=8, events=POLLIN}], 1, 0)     = 0 (Timeout)
write(6, "\1\0\0\0\0\0\0\0", 8)         = 8
poll([{fd=8, events=POLLIN}], 1, -1)    = 1 ([{fd=8, revents=POLLIN}])
read(8, "\1\0\0\0\0\0\0\0", 8)          = 8
poll([{fd=8, events=POLLIN}], 1, 0)     = 0 (Timeout)
poll([{fd=8, events=POLLIN}], 1, 0)     = 0 (Timeout)
write(6, "\1\0\0\0\0\0\0\0", 8)         = 8
poll([{fd=8, events=POLLIN}], 1, -1)    = 1 ([{fd=8, revents=POLLIN}])
read(8, "\1\0\0\0\0\0\0\0", 8)          = 8
poll([{fd=8, events=POLLIN}], 1, 0)     = 0 (Timeout)
poll([{fd=8, events=POLLIN}], 1, 0)     = 0 (Timeout)
write(6, "\1\0\0\0\0\0\0\0", 8)         = 8
poll([{fd=8, events=POLLIN}], 1, -1)    = 1 ([{fd=8, revents=POLLIN}])
read(8, "\1\0\0\0\0\0\0\0", 8)          = 8
poll([{fd=8, events=POLLIN}], 1, 0)     = 0 (Timeout)
poll([{fd=8, events=POLLIN}], 1, 0)     = 0 (Timeout)
write(6, "\1\0\0\0\0\0\0\0", 8)         = 8
poll([{fd=8, events=POLLIN}], 1, -1)    = 1 ([{fd=8, revents=POLLIN}])
read(8, "\1\0\0\0\0\0\0\0", 8)          = 8
poll([{fd=8, events=POLLIN}], 1, 0)     = 0 (Timeout)
poll([{fd=8, events=POLLIN}], 1, 0)     = 0 (Timeout)
write(6, "\1\0\0\0\0\0\0\0", 8)         = 8
poll([{fd=8, events=POLLIN}], 1, -1)    = 1 ([{fd=8, revents=POLLIN}])
read(8, "\1\0\0\0\0\0\0\0", 8)          = 8
poll([{fd=8, events=POLLIN}], 1, 0)     = 0 (Timeout)
poll([{fd=8, events=POLLIN}], 1, 0)     = 0 (Timeout)
write(6, "\1\0\0\0\0\0\0\0", 8)         = 8
poll([{fd=8, events=POLLIN}], 1, -1)    = 1 ([{fd=8, revents=POLLIN}])
read(8, "\1\0\0\0\0\0\0\0", 8)          = 8
poll([{fd=8, events=POLLIN}], 1, 0)     = 0 (Timeout)
poll([{fd=8, events=POLLIN}], 1, 0)     = 0 (Timeout)
write(6, "\1\0\0\0\0\0\0\0", 8)         = 8
poll([{fd=8, events=POLLIN}], 1, -1)    = 1 ([{fd=8, revents=POLLIN}])
read(8, "\1\0\0\0\0\0\0\0", 8)          = 8
poll([{fd=8, events=POLLIN}], 1, 0)     = 0 (Timeout)
poll([{fd=8, events=POLLIN}], 1, 0)     = 0 (Timeout)
write(6, "\1\0\0\0\0\0\0\0", 8)         = 8
poll([{fd=8, events=POLLIN}], 1, -1)    = 1 ([{fd=8, revents=POLLIN}])
read(8, "\1\0\0\0\0\0\0\0", 8)          = 8
poll([{fd=8, events=POLLIN}], 1, 0)     = 0 (Timeout)
poll([{fd=8, events=POLLIN}], 1, 0)     = 0 (Timeout)
write(6, "\1\0\0\0\0\0\0\0", 8)         = 8
poll([{fd=8, events=POLLIN}], 1, -1)    = 1 ([{fd=8, revents=POLLIN}])
read(8, "\1\0\0\0\0\0\0\0", 8)          = 8
poll([{fd=8, events=POLLIN}], 1, 0)     = 0 (Timeout)
poll([{fd=8, events=POLLIN}], 1, 0)     = 0 (Timeout)
write(6, "\1\0\0\0\0\0\0\0", 8)         = 8
poll([{fd=8, events=POLLIN}], 1, -1)    = 1 ([{fd=8, revents=POLLIN}])
read(8, "\1\0\0\0\0\0\0\0", 8)          = 8
poll([{fd=8, events=POLLIN}], 1, 0)     = 0 (Timeout)
poll([{fd=8, events=POLLIN}], 1, 0)     = 0 (Timeout)
write(6, "\1\0\0\0\0\0\0\0", 8)         = 8
poll([{fd=8, events=POLLIN}], 1, -1)    = 1 ([{fd=8, revents=POLLIN}])
read(8, "\1\0\0\0\0\0\0\0", 8)          = 8
poll([{fd=8, events=POLLIN}], 1, 0)     = 0 (Timeout)
poll([{fd=8, events=POLLIN}], 1, 0)     = 0 (Timeout)
write(6, "\1\0\0\0\0\0\0\0", 8)         = 8
poll([{fd=8, events=POLLIN}], 1, -1)    = 1 ([{fd=8, revents=POLLIN}])
read(8, "\1\0\0\0\0\0\0\0", 8)          = 8
poll([{fd=8, events=POLLIN}], 1, 0)     = 0 (Timeout)
poll([{fd=8, events=POLLIN}], 1, 0)     = 0 (Timeout)
write(6, "\1\0\0\0\0\0\0\0", 8)         = 8
poll([{fd=8, events=POLLIN}], 1, -1)    = 1 ([{fd=8, revents=POLLIN}])
read(8, "\1\0\0\0\0\0\0\0", 8)          = 8
poll([{fd=8, events=POLLIN}], 1, 0)     = 0 (Timeout)
poll([{fd=8, events=POLLIN}], 1, 0)     = 0 (Timeout)
write(6, "\1\0\0\0\0\0\0\0", 8)         = 8
poll([{fd=8, events=POLLIN}], 1, -1)    = 1 ([{fd=8, revents=POLLIN}])
read(8, "\1\0\0\0\0\0\0\0", 8)          = 8
poll([{fd=8, events=POLLIN}], 1, 0)     = 0 (Timeout)
poll([{fd=8, events=POLLIN}], 1, 0)     = 0 (Timeout)
write(6, "\1\0\0\0\0\0\0\0", 8)         = 8
poll([{fd=8, events=POLLIN}], 1, -1)    = 1 ([{fd=8, revents=POLLIN}])
read(8, "\1\0\0\0\0\0\0\0", 8)          = 8
poll([{fd=8, events=POLLIN}], 1, 0)     = 0 (Timeout)
poll([{fd=8, events=POLLIN}], 1, 0)     = 0 (Timeout)
write(6, "\1\0\0\0\0\0\0\0", 8)         = 8
poll([{fd=8, events=POLLIN}], 1, -1)    = 1 ([{fd=8, revents=POLLIN}])
read(8, "\1\0\0\0\0\0\0\0", 8)          = 8
poll([{fd=8, events=POLLIN}], 1, 0)     = 0 (Timeout)
poll([{fd=8, events=POLLIN}], 1, 0)     = 0 (Timeout)
write(6, "\1\0\0\0\0\0\0\0", 8)         = 8
poll([{fd=8, events=POLLIN}], 1, -1)    = 1 ([{fd=8, revents=POLLIN}])
read(8, "\1\0\0\0\0\0\0\0", 8)          = 8
poll([{fd=8, events=POLLIN}], 1, 0)     = 0 (Timeout)
poll([{fd=8, events=POLLIN}], 1, 0)     = 0 (Timeout)
write(6, "\1\0\0\0\0\0\0\0", 8)         = 8
poll([{fd=8, events=POLLIN}], 1, -1)    = 1 ([{fd=8, revents=POLLIN}])
read(8, "\1\0\0\0\0\0\0\0", 8)          = 8
poll([{fd=8, events=POLLIN}], 1, 0)     = 0 (Timeout)
poll([{fd=8, events=POLLIN}], 1, 0)     = 0 (Timeout)
write(6, "\1\0\0\0\0\0\0\0", 8)         = 8
poll([{fd=8, events=POLLIN}], 1, -1)    = 1 ([{fd=8, revents=POLLIN}])
read(8, "\1\0\0\0\0\0\0\0", 8)          = 8
poll([{fd=8, events=POLLIN}], 1, 0)     = 0 (Timeout)
poll([{fd=8, events=POLLIN}], 1, 0)     = 0 (Timeout)
write(6, "\1\0\0\0\0\0\0\0", 8)         = 8
poll([{fd=8, events=POLLIN}], 1, -1)    = 1 ([{fd=8, revents=POLLIN}])
read(8, "\1\0\0\0\0\0\0\0", 8)          = 8
poll([{fd=8, events=POLLIN}], 1, 0)     = 0 (Timeout)
poll([{fd=8, events=POLLIN}], 1, 0)     = 0 (Timeout)
write(6, "\1\0\0\0\0\0\0\0", 8)         = 8
poll([{fd=8, events=POLLIN}], 1, -1)    = 1 ([{fd=8, revents=POLLIN}])
read(8, "\1\0\0\0\0\0\0\0", 8)          = 8
poll([{fd=8, events=POLLIN}], 1, 0)     = 0 (Timeout)
poll([{fd=8, events=POLLIN}], 1, 0)     = 0 (Timeout)
write(6, "\1\0\0\0\0\0\0\0", 8)         = 8
poll([{fd=8, events=POLLIN}], 1, -1)    = 1 ([{fd=8, revents=POLLIN}])
read(8, "\1\0\0\0\0\0\0\0", 8)          = 8
poll([{fd=8, events=POLLIN}], 1, 0)     = 0 (Timeout)
poll([{fd=8, events=POLLIN}], 1, 0)     = 0 (Timeout)
write(6, "\1\0\0\0\0\0\0\0", 8)         = 8
poll([{fd=8, events=POLLIN}], 1, -1)    = 1 ([{fd=8, revents=POLLIN}])
read(8, "\1\0\0\0\0\0\0\0", 8)          = 8
poll([{fd=8, events=POLLIN}], 1, 0)     = 0 (Timeout)
poll([{fd=8, events=POLLIN}], 1, 0)     = 0 (Timeout)
write(6, "\1\0\0\0\0\0\0\0", 8)         = 8
poll([{fd=8, events=POLLIN}], 1, -1)    = 1 ([{fd=8, revents=POLLIN}])
read(8, "\1\0\0\0\0\0\0\0", 8)          = 8
poll([{fd=8, events=POLLIN}], 1, 0)     = 0 (Timeout)
poll([{fd=8, events=POLLIN}], 1, 0)     = 0 (Timeout)
write(6, "\1\0\0\0\0\0\0\0", 8)         = 8
poll([{fd=8, events=POLLIN}], 1, -1)    = 1 ([{fd=8, revents=POLLIN}])
read(8, "\1\0\0\0\0\0\0\0", 8)          = 8
poll([{fd=8, events=POLLIN}], 1, 0)     = 0 (Timeout)
poll([{fd=8, events=POLLIN}], 1, 0)     = 0 (Timeout)
write(6, "\1\0\0\0\0\0\0\0", 8)         = 8
poll([{fd=8, events=POLLIN}], 1, -1)    = 1 ([{fd=8, revents=POLLIN}])
read(8, "\1\0\0\0\0\0\0\0", 8)          = 8
poll([{fd=8, events=POLLIN}], 1, 0)     = 0 (Timeout)
poll([{fd=8, events=POLLIN}], 1, 0)     = 0 (Timeout)
write(6, "\1\0\0\0\0\0\0\0", 8)         = 8
poll([{fd=8, events=POLLIN}], 1, -1)    = 1 ([{fd=8, revents=POLLIN}])
read(8, "\1\0\0\0\0\0\0\0", 8)          = 8
poll([{fd=8, events=POLLIN}], 1, 0)     = 0 (Timeout)
poll([{fd=8, events=POLLIN}], 1, 0)     = 0 (Timeout)
write(6, "\1\0\0\0\0\0\0\0", 8)         = 8
poll([{fd=8, events=POLLIN}], 1, -1)    = 1 ([{fd=8, revents=POLLIN}])
read(8, "\1\0\0\0\0\0\0\0", 8)          = 8
poll([{fd=8, events=POLLIN}], 1, 0)     = 0 (Timeout)
poll([{fd=8, events=POLLIN}], 1, 0)     = 0 (Timeout)
write(6, "\1\0\0\0\0\0\0\0", 8)         = 8
poll([{fd=8, events=POLLIN}], 1, -1)    = 1 ([{fd=8, revents=POLLIN}])
read(8, "\1\0\0\0\0\0\0\0", 8)          = 8
poll([{fd=8, events=POLLIN}], 1, 0)     = 0 (Timeout)
poll([{fd=8, events=POLLIN}], 1, 0)     = 0 (Timeout)
write(6, "\1\0\0\0\0\0\0\0", 8)         = 8
poll([{fd=8, events=POLLIN}], 1, -1)    = 1 ([{fd=8, revents=POLLIN}])
read(8, "\1\0\0\0\0\0\0\0", 8)          = 8
poll([{fd=8, events=POLLIN}], 1, 0)     = 0 (Timeout)
poll([{fd=8, events=POLLIN}], 1, 0)     = 0 (Timeout)
write(6, "\1\0\0\0\0\0\0\0", 8)         = 8
poll([{fd=8, events=POLLIN}], 1, -1)    = 1 ([{fd=8, revents=POLLIN}])
read(8, "\1\0\0\0\0\0\0\0", 8)          = 8
poll([{fd=8, events=POLLIN}], 1, 0)     = 0 (Timeout)
poll([{fd=8, events=POLLIN}], 1, 0)     = 0 (Timeout)
write(6, "\1\0\0\0\0\0\0\0", 8)         = 8
poll([{fd=8, events=POLLIN}], 1, -1)    = 1 ([{fd=8, revents=POLLIN}])
read(8, "\1\0\0\0\0\0\0\0", 8)          = 8
poll([{fd=8, events=POLLIN}], 1, 0)     = 0 (Timeout)
poll([{fd=8, events=POLLIN}], 1, 0)     = 0 (Timeout)
write(6, "\1\0\0\0\0\0\0\0", 8)         = 8
poll([{fd=8, events=POLLIN}], 1, -1)    = 1 ([{fd=8, revents=POLLIN}])
read(8, "\1\0\0\0\0\0\0\0", 8)          = 8
poll([{fd=8, events=POLLIN}], 1, 0)     = 0 (Timeout)
poll([{fd=8, events=POLLIN}], 1, 0)     = 0 (Timeout)
write(6, "\1\0\0\0\0\0\0\0", 8)         = 8
poll([{fd=8, events=POLLIN}], 1, -1)    = 1 ([{fd=8, revents=POLLIN}])
read(8, "\1\0\0\0\0\0\0\0", 8)          = 8
poll([{fd=8, events=POLLIN}], 1, 0)     = 0 (Timeout)
poll([{fd=8, events=POLLIN}], 1, 0)     = 0 (Timeout)
write(6, "\1\0\0\0\0\0\0\0", 8)         = 8
poll([{fd=8, events=POLLIN}], 1, -1)    = 1 ([{fd=8, revents=POLLIN}])
read(8, "\1\0\0\0\0\0\0\0", 8)          = 8
poll([{fd=8, events=POLLIN}], 1, 0)     = 0 (Timeout)
poll([{fd=8, events=POLLIN}], 1, 0)     = 0 (Timeout)
write(6, "\1\0\0\0\0\0\0\0", 8)         = 8
poll([{fd=8, events=POLLIN}], 1, -1)    = 1 ([{fd=8, revents=POLLIN}])
read(8, "\1\0\0\0\0\0\0\0", 8)          = 8
poll([{fd=8, events=POLLIN}], 1, 0)     = 0 (Timeout)
poll([{fd=8, events=POLLIN}], 1, 0)     = 0 (Timeout)
write(6, "\1\0\0\0\0\0\0\0", 8)         = 8
poll([{fd=8, events=POLLIN}], 1, -1)    = 1 ([{fd=8, revents=POLLIN}])
read(8, "\1\0\0\0\0\0\0\0", 8)          = 8
poll([{fd=8, events=POLLIN}], 1, 0)     = 0 (Timeout)
poll([{fd=8, events=POLLIN}], 1, 0)     = 0 (Timeout)
write(6, "\1\0\0\0\0\0\0\0", 8)         = 8
poll([{fd=8, events=POLLIN}], 1, -1)    = 1 ([{fd=8, revents=POLLIN}])
read(8, "\1\0\0\0\0\0\0\0", 8)          = 8
poll([{fd=8, events=POLLIN}], 1, 0)     = 0 (Timeout)
poll([{fd=8, events=POLLIN}], 1, 0)     = 0 (Timeout)
write(6, "\1\0\0\0\0\0\0\0", 8)         = 8
poll([{fd=8, events=POLLIN}], 1, -1)    = 1 ([{fd=8, revents=POLLIN}])
read(8, "\1\0\0\0\0\0\0\0", 8)          = 8
poll([{fd=8, events=POLLIN}], 1, 0)     = 0 (Timeout)
poll([{fd=8, events=POLLIN}], 1, 0)     = 0 (Timeout)
write(6, "\1\0\0\0\0\0\0\0", 8)         = 8
poll([{fd=8, events=POLLIN}], 1, -1)    = 1 ([{fd=8, revents=POLLIN}])
read(8, "\1\0\0\0\0\0\0\0", 8)          = 8
poll([{fd=8, events=POLLIN}], 1, 0)     = 0 (Timeout)
poll([{fd=8, events=POLLIN}], 1, 0)     = 0 (Timeout)
write(6, "\1\0\0\0\0\0\0\0", 8)         = 8
poll([{fd=8, events=POLLIN}], 1, -1)    = 1 ([{fd=8, revents=POLLIN}])
read(8, "\1\0\0\0\0\0\0\0", 8)          = 8
poll([{fd=8, events=POLLIN}], 1, 0)     = 0 (Timeout)
poll([{fd=8, events=POLLIN}], 1, 0)     = 0 (Timeout)
write(6, "\1\0\0\0\0\0\0\0", 8)         = 8
poll([{fd=8, events=POLLIN}], 1, -1)    = 1 ([{fd=8, revents=POLLIN}])
read(8, "\1\0\0\0\0\0\0\0", 8)          = 8
poll([{fd=8, events=POLLIN}], 1, 0)     = 0 (Timeout)
poll([{fd=8, events=POLLIN}], 1, 0)     = 0 (Timeout)
write(6, "\1\0\0\0\0\0\0\0", 8)         = 8
poll([{fd=8, events=POLLIN}], 1, -1)    = 1 ([{fd=8, revents=POLLIN}])
read(8, "\1\0\0\0\0\0\0\0", 8)          = 8
poll([{fd=8, events=POLLIN}], 1, 0)     = 0 (Timeout)
poll([{fd=8, events=POLLIN}], 1, 0)     = 0 (Timeout)
write(6, "\1\0\0\0\0\0\0\0", 8)         = 8
poll([{fd=8, events=POLLIN}], 1, -1)    = 1 ([{fd=8, revents=POLLIN}])
read(8, "\1\0\0\0\0\0\0\0", 8)          = 8
poll([{fd=8, events=POLLIN}], 1, 0)     = 0 (Timeout)
poll([{fd=8, events=POLLIN}], 1, 0)     = 0 (Timeout)
write(6, "\1\0\0\0\0\0\0\0", 8)         = 8
poll([{fd=8, events=POLLIN}], 1, -1)    = 1 ([{fd=8, revents=POLLIN}])
read(8, "\1\0\0\0\0\0\0\0", 8)          = 8
poll([{fd=8, events=POLLIN}], 1, 0)     = 0 (Timeout)
poll([{fd=8, events=POLLIN}], 1, 0)     = 0 (Timeout)
write(6, "\1\0\0\0\0\0\0\0", 8)         = 8
poll([{fd=8, events=POLLIN}], 1, -1)    = 1 ([{fd=8, revents=POLLIN}])
read(8, "\1\0\0\0\0\0\0\0", 8)          = 8
poll([{fd=8, events=POLLIN}], 1, 0)     = 0 (Timeout)
poll([{fd=8, events=POLLIN}], 1, 0)     = 0 (Timeout)
write(6, "\1\0\0\0\0\0\0\0", 8)         = 8
poll([{fd=8, events=POLLIN}], 1, -1)    = 1 ([{fd=8, revents=POLLIN}])
read(8, "\1\0\0\0\0\0\0\0", 8)          = 8
poll([{fd=8, events=POLLIN}], 1, 0)     = 0 (Timeout)
poll([{fd=8, events=POLLIN}], 1, 0)     = 0 (Timeout)
write(6, "\1\0\0\0\0\0\0\0", 8)         = 8
poll([{fd=8, events=POLLIN}], 1, -1)    = 1 ([{fd=8, revents=POLLIN}])
read(8, "\1\0\0\0\0\0\0\0", 8)          = 8
poll([{fd=8, events=POLLIN}], 1, 0)     = 0 (Timeout)
poll([{fd=8, events=POLLIN}], 1, 0)     = 0 (Timeout)
write(6, "\1\0\0\0\0\0\0\0", 8)         = 8
poll([{fd=8, events=POLLIN}], 1, -1)    = 1 ([{fd=8, revents=POLLIN}])
read(8, "\1\0\0\0\0\0\0\0", 8)          = 8
poll([{fd=8, events=POLLIN}], 1, 0)     = 0 (Timeout)
poll([{fd=8, events=POLLIN}], 1, 0)     = 0 (Timeout)
write(6, "\1\0\0\0\0\0\0\0", 8)         = 8
poll([{fd=8, events=POLLIN}], 1, -1)    = 1 ([{fd=8, revents=POLLIN}])
read(8, "\1\0\0\0\0\0\0\0", 8)          = 8
poll([{fd=8, events=POLLIN}], 1, 0)     = 0 (Timeout)
poll([{fd=8, events=POLLIN}], 1, 0)     = 0 (Timeout)
write(6, "\1\0\0\0\0\0\0\0", 8)         = 8
poll([{fd=8, events=POLLIN}], 1, -1)    = 1 ([{fd=8, revents=POLLIN}])
read(8, "\1\0\0\0\0\0\0\0", 8)          = 8
poll([{fd=8, events=POLLIN}], 1, 0)     = 0 (Timeout)
poll([{fd=8, events=POLLIN}], 1, 0)     = 0 (Timeout)
write(6, "\1\0\0\0\0\0\0\0", 8)         = 8
poll([{fd=8, events=POLLIN}], 1, -1)    = 1 ([{fd=8, revents=POLLIN}])
read(8, "\1\0\0\0\0\0\0\0", 8)          = 8
poll([{fd=8, events=POLLIN}], 1, 0)     = 0 (Timeout)
poll([{fd=8, events=POLLIN}], 1, 0)     = 0 (Timeout)
write(6, "\1\0\0\0\0\0\0\0", 8)         = 8
poll([{fd=8, events=POLLIN}], 1, -1)    = 1 ([{fd=8, revents=POLLIN}])
read(8, "\1\0\0\0\0\0\0\0", 8)          = 8
poll([{fd=8, events=POLLIN}], 1, 0)     = 0 (Timeout)
poll([{fd=8, events=POLLIN}], 1, 0)     = 0 (Timeout)
write(6, "\1\0\0\0\0\0\0\0", 8)         = 8
poll([{fd=8, events=POLLIN}], 1, -1)    = 1 ([{fd=8, revents=POLLIN}])
read(8, "\1\0\0\0\0\0\0\0", 8)          = 8
poll([{fd=8, events=POLLIN}], 1, 0)     = 0 (Timeout)
poll([{fd=8, events=POLLIN}], 1, 0)     = 0 (Timeout)
write(6, "\1\0\0\0\0\0\0\0", 8)         = 8
poll([{fd=8, events=POLLIN}], 1, -1)    = 1 ([{fd=8, revents=POLLIN}])
read(8, "\1\0\0\0\0\0\0\0", 8)          = 8
poll([{fd=8, events=POLLIN}], 1, 0)     = 0 (Timeout)
poll([{fd=8, events=POLLIN}], 1, 0)     = 0 (Timeout)
write(6, "\1\0\0\0\0\0\0\0", 8)         = 8
poll([{fd=8, events=POLLIN}], 1, -1)    = 1 ([{fd=8, revents=POLLIN}])
read(8, "\1\0\0\0\0\0\0\0", 8)          = 8
poll([{fd=8, events=POLLIN}], 1, 0)     = 0 (Timeout)
poll([{fd=8, events=POLLIN}], 1, 0)     = 0 (Timeout)
write(6, "\1\0\0\0\0\0\0\0", 8)         = 8
poll([{fd=8, events=POLLIN}], 1, -1)    = 1 ([{fd=8, revents=POLLIN}])
read(8, "\1\0\0\0\0\0\0\0", 8)          = 8
poll([{fd=8, events=POLLIN}], 1, 0)     = 0 (Timeout)
poll([{fd=8, events=POLLIN}], 1, 0)     = 0 (Timeout)
write(6, "\1\0\0\0\0\0\0\0", 8)         = 8
poll([{fd=8, events=POLLIN}], 1, -1)    = 1 ([{fd=8, revents=POLLIN}])
read(8, "\1\0\0\0\0\0\0\0", 8)          = 8
poll([{fd=8, events=POLLIN}], 1, 0)     = 0 (Timeout)
poll([{fd=8, events=POLLIN}], 1, 0)     = 0 (Timeout)
write(6, "\1\0\0\0\0\0\0\0", 8)         = 8
poll([{fd=8, events=POLLIN}], 1, -1)    = 1 ([{fd=8, revents=POLLIN}])
read(8, "\1\0\0\0\0\0\0\0", 8)          = 8
poll([{fd=8, events=POLLIN}], 1, 0)     = 0 (Timeout)
poll([{fd=8, events=POLLIN}], 1, 0)     = 0 (Timeout)
write(6, "\1\0\0\0\0\0\0\0", 8)         = 8
poll([{fd=8, events=POLLIN}], 1, -1)    = 1 ([{fd=8, revents=POLLIN}])
read(8, "\1\0\0\0\0\0\0\0", 8)          = 8
poll([{fd=8, events=POLLIN}], 1, 0)     = 0 (Timeout)
poll([{fd=8, events=POLLIN}], 1, 0)     = 0 (Timeout)
write(6, "\1\0\0\0\0\0\0\0", 8)         = 8
poll([{fd=8, events=POLLIN}], 1, -1)    = 1 ([{fd=8, revents=POLLIN}])
read(8, "\1\0\0\0\0\0\0\0", 8)          = 8
poll([{fd=8, events=POLLIN}], 1, 0)     = 0 (Timeout)
poll([{fd=8, events=POLLIN}], 1, 0)     = 0 (Timeout)
write(6, "\1\0\0\0\0\0\0\0", 8)         = 8
poll([{fd=8, events=POLLIN}], 1, -1)    = 1 ([{fd=8, revents=POLLIN}])
read(8, "\1\0\0\0\0\0\0\0", 8)          = 8
poll([{fd=8, events=POLLIN}], 1, 0)     = 0 (Timeout)
poll([{fd=8, events=POLLIN}], 1, 0)     = 0 (Timeout)
write(6, "\1\0\0\0\0\0\0\0", 8)         = 8
poll([{fd=8, events=POLLIN}], 1, -1)    = 1 ([{fd=8, revents=POLLIN}])
read(8, "\1\0\0\0\0\0\0\0", 8)          = 8
poll([{fd=8, events=POLLIN}], 1, 0)     = 0 (Timeout)
poll([{fd=8, events=POLLIN}], 1, 0)     = 0 (Timeout)
write(6, "\1\0\0\0\0\0\0\0", 8)         = 8
poll([{fd=8, events=POLLIN}], 1, -1)    = 1 ([{fd=8, revents=POLLIN}])
read(8, "\1\0\0\0\0\0\0\0", 8)          = 8
poll([{fd=8, events=POLLIN}], 1, 0)     = 0 (Timeout)
poll([{fd=8, events=POLLIN}], 1, 0)     = 0 (Timeout)
write(6, "\1\0\0\0\0\0\0\0", 8)         = 8
poll([{fd=8, events=POLLIN}], 1, -1)    = 1 ([{fd=8, revents=POLLIN}])
read(8, "\1\0\0\0\0\0\0\0", 8)          = 8
poll([{fd=8, events=POLLIN}], 1, 0)     = 0 (Timeout)
poll([{fd=8, events=POLLIN}], 1, 0)     = 0 (Timeout)
write(6, "\1\0\0\0\0\0\0\0", 8)         = 8
poll([{fd=8, events=POLLIN}], 1, -1)    = 1 ([{fd=8, revents=POLLIN}])
read(8, "\1\0\0\0\0\0\0\0", 8)          = 8
poll([{fd=8, events=POLLIN}], 1, 0)     = 0 (Timeout)
poll([{fd=8, events=POLLIN}], 1, 0)     = 0 (Timeout)
write(6, "\1\0\0\0\0\0\0\0", 8)         = 8
poll([{fd=8, events=POLLIN}], 1, -1)    = 1 ([{fd=8, revents=POLLIN}])
read(8, "\1\0\0\0\0\0\0\0", 8)          = 8
poll([{fd=8, events=POLLIN}], 1, 0)     = 0 (Timeout)
poll([{fd=8, events=POLLIN}], 1, 0)     = 0 (Timeout)
write(6, "\1\0\0\0\0\0\0\0", 8)         = 8
poll([{fd=8, events=POLLIN}], 1, -1)    = 1 ([{fd=8, revents=POLLIN}])
read(8, "\1\0\0\0\0\0\0\0", 8)          = 8
poll([{fd=8, events=POLLIN}], 1, 0)     = 0 (Timeout)
poll([{fd=8, events=POLLIN}], 1, 0)     = 0 (Timeout)
write(6, "\1\0\0\0\0\0\0\0", 8)         = 8
poll([{fd=8, events=POLLIN}], 1, -1)    = 1 ([{fd=8, revents=POLLIN}])
read(8, "\1\0\0\0\0\0\0\0", 8)          = 8
poll([{fd=8, events=POLLIN}], 1, 0)     = 0 (Timeout)
poll([{fd=8, events=POLLIN}], 1, 0)     = 0 (Timeout)
write(6, "\1\0\0\0\0\0\0\0", 8)         = 8
poll([{fd=8, events=POLLIN}], 1, -1)    = 1 ([{fd=8, revents=POLLIN}])
read(8, "\1\0\0\0\0\0\0\0", 8)          = 8
poll([{fd=8, events=POLLIN}], 1, 0)     = 0 (Timeout)
poll([{fd=8, events=POLLIN}], 1, 0)     = 0 (Timeout)
write(6, "\1\0\0\0\0\0\0\0", 8)         = 8
poll([{fd=8, events=POLLIN}], 1, -1)    = 1 ([{fd=8, revents=POLLIN}])
read(8, "\1\0\0\0\0\0\0\0", 8)          = 8
poll([{fd=8, events=POLLIN}], 1, 0)     = 0 (Timeout)
poll([{fd=8, events=POLLIN}], 1, 0)     = 0 (Timeout)
write(6, "\1\0\0\0\0\0\0\0", 8)         = 8
poll([{fd=8, events=POLLIN}], 1, -1)    = 1 ([{fd=8, revents=POLLIN}])
read(8, "\1\0\0\0\0\0\0\0", 8)          = 8
poll([{fd=8, events=POLLIN}], 1, 0)     = 0 (Timeout)
poll([{fd=8, events=POLLIN}], 1, 0)     = 0 (Timeout)
write(6, "\1\0\0\0\0\0\0\0", 8)         = 8
poll([{fd=8, events=POLLIN}], 1, -1)    = 1 ([{fd=8, revents=POLLIN}])
read(8, "\1\0\0\0\0\0\0\0", 8)          = 8
poll([{fd=8, events=POLLIN}], 1, 0)     = 0 (Timeout)
poll([{fd=8, events=POLLIN}], 1, 0)     = 0 (Timeout)
write(6, "\1\0\0\0\0\0\0\0", 8)         = 8
poll([{fd=8, events=POLLIN}], 1, -1)    = 1 ([{fd=8, revents=POLLIN}])
read(8, "\1\0\0\0\0\0\0\0", 8)          = 8
poll([{fd=8, events=POLLIN}], 1, 0)     = 0 (Timeout)
poll([{fd=8, events=POLLIN}], 1, 0)     = 0 (Timeout)
write(6, "\1\0\0\0\0\0\0\0", 8)         = 8
poll([{fd=8, events=POLLIN}], 1, -1)    = 1 ([{fd=8, revents=POLLIN}])
read(8, "\1\0\0\0\0\0\0\0", 8)          = 8
poll([{fd=8, events=POLLIN}], 1, 0)     = 0 (Timeout)
poll([{fd=8, events=POLLIN}], 1, 0)     = 0 (Timeout)
write(6, "\1\0\0\0\0\0\0\0", 8)         = 8
poll([{fd=8, events=POLLIN}], 1, -1)    = 1 ([{fd=8, revents=POLLIN}])
read(8, "\1\0\0\0\0\0\0\0", 8)          = 8
poll([{fd=8, events=POLLIN}], 1, 0)     = 0 (Timeout)
poll([{fd=8, events=POLLIN}], 1, 0)     = 0 (Timeout)
write(6, "\1\0\0\0\0\0\0\0", 8)         = 8
poll([{fd=8, events=POLLIN}], 1, -1)    = 1 ([{fd=8, revents=POLLIN}])
read(8, "\1\0\0\0\0\0\0\0", 8)          = 8
poll([{fd=8, events=POLLIN}], 1, 0)     = 0 (Timeout)
poll([{fd=8, events=POLLIN}], 1, 0)     = 0 (Timeout)
write(6, "\1\0\0\0\0\0\0\0", 8)         = 8
poll([{fd=8, events=POLLIN}], 1, -1)    = 1 ([{fd=8, revents=POLLIN}])
read(8, "\1\0\0\0\0\0\0\0", 8)          = 8
poll([{fd=8, events=POLLIN}], 1, 0)     = 0 (Timeout)
poll([{fd=8, events=POLLIN}], 1, 0)     = 0 (Timeout)
write(6, "\1\0\0\0\0\0\0\0", 8)         = 8
poll([{fd=8, events=POLLIN}], 1, -1)    = 1 ([{fd=8, revents=POLLIN}])
read(8, "\1\0\0\0\0\0\0\0", 8)          = 8
poll([{fd=8, events=POLLIN}], 1, 0)     = 0 (Timeout)
poll([{fd=8, events=POLLIN}], 1, 0)     = 0 (Timeout)
write(6, "\1\0\0\0\0\0\0\0", 8)         = 8
poll([{fd=8, events=POLLIN}], 1, -1)    = 1 ([{fd=8, revents=POLLIN}])
read(8, "\1\0\0\0\0\0\0\0", 8)          = 8
poll([{fd=8, events=POLLIN}], 1, 0)     = 0 (Timeout)
poll([{fd=8, events=POLLIN}], 1, 0)     = 0 (Timeout)
write(6, "\1\0\0\0\0\0\0\0", 8)         = 8
poll([{fd=8, events=POLLIN}], 1, -1)    = 1 ([{fd=8, revents=POLLIN}])
read(8, "\1\0\0\0\0\0\0\0", 8)          = 8
poll([{fd=8, events=POLLIN}], 1, 0)     = 0 (Timeout)
poll([{fd=8, events=POLLIN}], 1, 0)     = 0 (Timeout)
write(6, "\1\0\0\0\0\0\0\0", 8)         = 8
poll([{fd=8, events=POLLIN}], 1, -1)    = 1 ([{fd=8, revents=POLLIN}])
read(8, "\1\0\0\0\0\0\0\0", 8)          = 8
poll([{fd=8, events=POLLIN}], 1, 0)     = 0 (Timeout)
poll([{fd=8, events=POLLIN}], 1, 0)     = 0 (Timeout)
write(6, "\1\0\0\0\0\0\0\0", 8)         = 8
poll([{fd=8, events=POLLIN}], 1, -1)    = 1 ([{fd=8, revents=POLLIN}])
read(8, "\1\0\0\0\0\0\0\0", 8)          = 8
poll([{fd=8, events=POLLIN}], 1, 0)     = 0 (Timeout)
poll([{fd=8, events=POLLIN}], 1, 0)     = 0 (Timeout)
write(6, "\1\0\0\0\0\0\0\0", 8)         = 8
poll([{fd=8, events=POLLIN}], 1, -1)    = 1 ([{fd=8, revents=POLLIN}])
read(8, "\1\0\0\0\0\0\0\0", 8)          = 8
poll([{fd=8, events=POLLIN}], 1, 0)     = 0 (Timeout)
poll([{fd=8, events=POLLIN}], 1, 0)     = 0 (Timeout)
write(6, "\1\0\0\0\0\0\0\0", 8)         = 8
poll([{fd=8, events=POLLIN}], 1, -1)    = 1 ([{fd=8, revents=POLLIN}])
read(8, "\1\0\0\0\0\0\0\0", 8)          = 8
poll([{fd=8, events=POLLIN}], 1, 0)     = 0 (Timeout)
poll([{fd=8, events=POLLIN}], 1, 0)     = 0 (Timeout)
write(6, "\1\0\0\0\0\0\0\0", 8)         = 8
poll([{fd=8, events=POLLIN}], 1, -1)    = 1 ([{fd=8, revents=POLLIN}])
read(8, "\1\0\0\0\0\0\0\0", 8)          = 8
poll([{fd=8, events=POLLIN}], 1, 0)     = 0 (Timeout)
poll([{fd=8, events=POLLIN}], 1, 0)     = 0 (Timeout)
write(6, "\1\0\0\0\0\0\0\0", 8)         = 8
poll([{fd=8, events=POLLIN}], 1, -1)    = 1 ([{fd=8, revents=POLLIN}])
read(8, "\1\0\0\0\0\0\0\0", 8)          = 8
poll([{fd=8, events=POLLIN}], 1, 0)     = 0 (Timeout)
poll([{fd=8, events=POLLIN}], 1, 0)     = 0 (Timeout)
write(6, "\1\0\0\0\0\0\0\0", 8)         = 8
poll([{fd=8, events=POLLIN}], 1, -1)    = 1 ([{fd=8, revents=POLLIN}])
read(8, "\1\0\0\0\0\0\0\0", 8)          = 8
poll([{fd=8, events=POLLIN}], 1, 0)     = 0 (Timeout)
poll([{fd=8, events=POLLIN}], 1, 0)     = 0 (Timeout)
write(6, "\1\0\0\0\0\0\0\0", 8)         = 8
poll([{fd=8, events=POLLIN}], 1, -1)    = 1 ([{fd=8, revents=POLLIN}])
read(8, "\1\0\0\0\0\0\0\0", 8)          = 8
poll([{fd=8, events=POLLIN}], 1, 0)     = 0 (Timeout)
poll([{fd=8, events=POLLIN}], 1, 0)     = 0 (Timeout)
write(6, "\1\0\0\0\0\0\0\0", 8)         = 8
poll([{fd=8, events=POLLIN}], 1, -1)    = 1 ([{fd=8, revents=POLLIN}])
read(8, "\1\0\0\0\0\0\0\0", 8)          = 8
poll([{fd=8, events=POLLIN}], 1, 0)     = 0 (Timeout)
poll([{fd=8, events=POLLIN}], 1, 0)     = 0 (Timeout)
write(6, "\1\0\0\0\0\0\0\0", 8)         = 8
poll([{fd=8, events=POLLIN}], 1, -1)    = 1 ([{fd=8, revents=POLLIN}])
read(8, "\1\0\0\0\0\0\0\0", 8)          = 8
poll([{fd=8, events=POLLIN}], 1, 0)     = 0 (Timeout)
poll([{fd=8, events=POLLIN}], 1, 0)     = 0 (Timeout)
write(6, "\1\0\0\0\0\0\0\0", 8)         = 8
poll([{fd=8, events=POLLIN}], 1, -1)    = 1 ([{fd=8, revents=POLLIN}])
read(8, "\1\0\0\0\0\0\0\0", 8)          = 8
poll([{fd=8, events=POLLIN}], 1, 0)     = 0 (Timeout)
poll([{fd=8, events=POLLIN}], 1, 0)     = 0 (Timeout)
write(6, "\1\0\0\0\0\0\0\0", 8)         = 8
poll([{fd=8, events=POLLIN}], 1, -1)    = 1 ([{fd=8, revents=POLLIN}])
read(8, "\1\0\0\0\0\0\0\0", 8)          = 8
poll([{fd=8, events=POLLIN}], 1, 0)     = 0 (Timeout)
poll([{fd=8, events=POLLIN}], 1, 0)     = 0 (Timeout)
write(6, "\1\0\0\0\0\0\0\0", 8)         = 8
poll([{fd=8, events=POLLIN}], 1, -1)    = 1 ([{fd=8, revents=POLLIN}])
read(8, "\1\0\0\0\0\0\0\0", 8)          = 8
poll([{fd=8, events=POLLIN}], 1, 0)     = 0 (Timeout)
poll([{fd=8, events=POLLIN}], 1, 0)     = 0 (Timeout)
write(6, "\1\0\0\0\0\0\0\0", 8)         = 8
poll([{fd=8, events=POLLIN}], 1, -1)    = 1 ([{fd=8, revents=POLLIN}])
read(8, "\1\0\0\0\0\0\0\0", 8)          = 8
poll([{fd=8, events=POLLIN}], 1, 0)     = 0 (Timeout)
poll([{fd=8, events=POLLIN}], 1, 0)     = 0 (Timeout)
write(6, "\1\0\0\0\0\0\0\0", 8)         = 8
poll([{fd=8, events=POLLIN}], 1, -1)    = 1 ([{fd=8, revents=POLLIN}])
read(8, "\1\0\0\0\0\0\0\0", 8)          = 8
poll([{fd=8, events=POLLIN}], 1, 0)     = 0 (Timeout)
poll([{fd=8, events=POLLIN}], 1, 0)     = 0 (Timeout)
write(6, "\1\0\0\0\0\0\0\0", 8)         = 8
poll([{fd=8, events=POLLIN}], 1, -1)    = 1 ([{fd=8, revents=POLLIN}])
read(8, "\1\0\0\0\0\0\0\0", 8)          = 8
poll([{fd=8, events=POLLIN}], 1, 0)     = 0 (Timeout)
poll([{fd=8, events=POLLIN}], 1, 0)     = 0 (Timeout)
write(6, "\1\0\0\0\0\0\0\0", 8)         = 8
poll([{fd=8, events=POLLIN}], 1, -1)    = 1 ([{fd=8, revents=POLLIN}])
read(8, "\1\0\0\0\0\0\0\0", 8)          = 8
poll([{fd=8, events=POLLIN}], 1, 0)     = 0 (Timeout)
poll([{fd=8, events=POLLIN}], 1, 0)     = 0 (Timeout)
write(6, "\1\0\0\0\0\0\0\0", 8)         = 8
poll([{fd=8, events=POLLIN}], 1, -1)    = 1 ([{fd=8, revents=POLLIN}])
read(8, "\1\0\0\0\0\0\0\0", 8)          = 8
poll([{fd=8, events=POLLIN}], 1, 0)     = 0 (Timeout)
poll([{fd=8, events=POLLIN}], 1, 0)     = 0 (Timeout)
write(6, "\1\0\0\0\0\0\0\0", 8)         = 8
poll([{fd=8, events=POLLIN}], 1, -1)    = 1 ([{fd=8, revents=POLLIN}])
read(8, "\1\0\0\0\0\0\0\0", 8)          = 8
poll([{fd=8, events=POLLIN}], 1, 0)     = 0 (Timeout)
poll([{fd=8, events=POLLIN}], 1, 0)     = 0 (Timeout)
write(6, "\1\0\0\0\0\0\0\0", 8)         = 8
poll([{fd=8, events=POLLIN}], 1, -1)    = 1 ([{fd=8, revents=POLLIN}])
read(8, "\1\0\0\0\0\0\0\0", 8)          = 8
poll([{fd=8, events=POLLIN}], 1, 0)     = 0 (Timeout)
poll([{fd=8, events=POLLIN}], 1, 0)     = 0 (Timeout)
write(6, "\1\0\0\0\0\0\0\0", 8)         = 8
poll([{fd=8, events=POLLIN}], 1, -1)    = 1 ([{fd=8, revents=POLLIN}])
read(8, "\1\0\0\0\0\0\0\0", 8)          = 8
poll([{fd=8, events=POLLIN}], 1, 0)     = 0 (Timeout)
poll([{fd=8, events=POLLIN}], 1, 0)     = 0 (Timeout)
write(6, "\1\0\0\0\0\0\0\0", 8)         = 8
poll([{fd=8, events=POLLIN}], 1, -1)    = 1 ([{fd=8, revents=POLLIN}])
read(8, "\1\0\0\0\0\0\0\0", 8)          = 8
poll([{fd=8, events=POLLIN}], 1, 0)     = 0 (Timeout)
poll([{fd=8, events=POLLIN}], 1, 0)     = 0 (Timeout)
write(6, "\1\0\0\0\0\0\0\0", 8)         = 8
poll([{fd=8, events=POLLIN}], 1, -1)    = 1 ([{fd=8, revents=POLLIN}])
read(8, "\1\0\0\0\0\0\0\0", 8)          = 8
poll([{fd=8, events=POLLIN}], 1, 0)     = 0 (Timeout)
poll([{fd=8, events=POLLIN}], 1, 0)     = 0 (Timeout)
write(6, "\1\0\0\0\0\0\0\0", 8)         = 8
poll([{fd=8, events=POLLIN}], 1, -1)    = 1 ([{fd=8, revents=POLLIN}])
read(8, "\1\0\0\0\0\0\0\0", 8)          = 8
poll([{fd=8, events=POLLIN}], 1, 0)     = 0 (Timeout)
poll([{fd=8, events=POLLIN}], 1, 0)     = 0 (Timeout)
write(6, "\1\0\0\0\0\0\0\0", 8)         = 8
poll([{fd=8, events=POLLIN}], 1, -1)    = 1 ([{fd=8, revents=POLLIN}])
read(8, "\1\0\0\0\0\0\0\0", 8)          = 8
poll([{fd=8, events=POLLIN}], 1, 0)     = 0 (Timeout)
poll([{fd=8, events=POLLIN}], 1, 0)     = 0 (Timeout)
write(6, "\1\0\0\0\0\0\0\0", 8)         = 8
poll([{fd=8, events=POLLIN}], 1, -1)    = 1 ([{fd=8, revents=POLLIN}])
read(8, "\1\0\0\0\0\0\0\0", 8)          = 8
poll([{fd=8, events=POLLIN}], 1, 0)     = 0 (Timeout)
poll([{fd=8, events=POLLIN}], 1, 0)     = 0 (Timeout)
write(6, "\1\0\0\0\0\0\0\0", 8)         = 8
poll([{fd=8, events=POLLIN}], 1, -1)    = 1 ([{fd=8, revents=POLLIN}])
read(8, "\1\0\0\0\0\0\0\0", 8)          = 8
poll([{fd=8, events=POLLIN}], 1, 0)     = 0 (Timeout)
poll([{fd=8, events=POLLIN}], 1, 0)     = 0 (Timeout)
write(6, "\1\0\0\0\0\0\0\0", 8)         = 8
poll([{fd=8, events=POLLIN}], 1, -1)    = 1 ([{fd=8, revents=POLLIN}])
read(8, "\1\0\0\0\0\0\0\0", 8)          = 8
poll([{fd=8, events=POLLIN}], 1, 0)     = 0 (Timeout)
poll([{fd=8, events=POLLIN}], 1, 0)     = 0 (Timeout)
write(6, "\1\0\0\0\0\0\0\0", 8)         = 8
poll([{fd=8, events=POLLIN}], 1, -1)    = 1 ([{fd=8, revents=POLLIN}])
read(8, "\1\0\0\0\0\0\0\0", 8)          = 8
poll([{fd=8, events=POLLIN}], 1, 0)     = 0 (Timeout)
poll([{fd=8, events=POLLIN}], 1, 0)     = 0 (Timeout)
write(6, "\1\0\0\0\0\0\0\0", 8)         = 8
poll([{fd=8, events=POLLIN}], 1, -1)    = 1 ([{fd=8, revents=POLLIN}])
read(8, "\1\0\0\0\0\0\0\0", 8)          = 8
poll([{fd=8, events=POLLIN}], 1, 0)     = 0 (Timeout)
poll([{fd=8, events=POLLIN}], 1, -1)    = 1 ([{fd=8, revents=POLLIN}])
read(8, "\1\0\0\0\0\0\0\0", 8)          = 8
poll([{fd=8, events=POLLIN}], 1, 0)     = 0 (Timeout)
write(6, "\1\0\0\0\0\0\0\0", 8)         = 8
poll([{fd=8, events=POLLIN}], 1, -1)    = 1 ([{fd=8, revents=POLLIN}])
read(8, "\1\0\0\0\0\0\0\0", 8)          = 8
poll([{fd=8, events=POLLIN}], 1, 0)     = 0 (Timeout)
poll([{fd=8, events=POLLIN}], 1, -1)    = 1 ([{fd=8, revents=POLLIN}])
read(8, "\1\0\0\0\0\0\0\0", 8)          = 8
poll([{fd=8, events=POLLIN}], 1, 0)     = 0 (Timeout)
poll([{fd=8, events=POLLIN}], 1, 0)     = 0 (Timeout)
write(6, "\1\0\0\0\0\0\0\0", 8)         = 8
poll([{fd=8, events=POLLIN}], 1, -1)    = 1 ([{fd=8, revents=POLLIN}])
read(8, "\1\0\0\0\0\0\0\0", 8)          = 8
poll([{fd=8, events=POLLIN}], 1, 0)     = 0 (Timeout)
poll([{fd=8, events=POLLIN}], 1, 0)     = 0 (Timeout)
write(6, "\1\0\0\0\0\0\0\0", 8)         = 8
poll([{fd=8, events=POLLIN}], 1, -1)    = 1 ([{fd=8, revents=POLLIN}])
read(8, "\1\0\0\0\0\0\0\0", 8)          = 8
poll([{fd=8, events=POLLIN}], 1, 0)     = 0 (Timeout)
poll([{fd=8, events=POLLIN}], 1, 0)     = 0 (Timeout)
write(6, "\1\0\0\0\0\0\0\0", 8)         = 8
poll([{fd=8, events=POLLIN}], 1, -1)    = 1 ([{fd=8, revents=POLLIN}])
read(8, "\1\0\0\0\0\0\0\0", 8)          = 8
poll([{fd=8, events=POLLIN}], 1, 0)     = 0 (Timeout)
poll([{fd=8, events=POLLIN}], 1, 0)     = 0 (Timeout)
write(6, "\1\0\0\0\0\0\0\0", 8)         = 8
poll([{fd=8, events=POLLIN}], 1, -1)    = 1 ([{fd=8, revents=POLLIN}])
read(8, "\1\0\0\0\0\0\0\0", 8)          = 8
poll([{fd=8, events=POLLIN}], 1, 0)     = 0 (Timeout)
poll([{fd=8, events=POLLIN}], 1, 0)     = 0 (Timeout)
write(6, "\1\0\0\0\0\0\0\0", 8)         = 8
poll([{fd=8, events=POLLIN}], 1, -1)    = 1 ([{fd=8, revents=POLLIN}])
read(8, "\1\0\0\0\0\0\0\0", 8)          = 8
poll([{fd=8, events=POLLIN}], 1, 0)     = 0 (Timeout)
poll([{fd=8, events=POLLIN}], 1, 0)     = 0 (Timeout)
write(6, "\1\0\0\0\0\0\0\0", 8)         = 8
poll([{fd=8, events=POLLIN}], 1, -1)    = 1 ([{fd=8, revents=POLLIN}])
read(8, "\1\0\0\0\0\0\0\0", 8)          = 8
poll([{fd=8, events=POLLIN}], 1, 0)     = 0 (Timeout)
poll([{fd=8, events=POLLIN}], 1, 0)     = 0 (Timeout)
write(6, "\1\0\0\0\0\0\0\0", 8)         = 8
poll([{fd=8, events=POLLIN}], 1, -1)    = 1 ([{fd=8, revents=POLLIN}])
read(8, "\1\0\0\0\0\0\0\0", 8)          = 8
poll([{fd=8, events=POLLIN}], 1, 0)     = 0 (Timeout)
poll([{fd=8, events=POLLIN}], 1, 0)     = 0 (Timeout)
write(6, "\1\0\0\0\0\0\0\0", 8)         = 8
poll([{fd=8, events=POLLIN}], 1, -1)    = 1 ([{fd=8, revents=POLLIN}])
read(8, "\1\0\0\0\0\0\0\0", 8)          = 8
write(6, "\1\0\0\0\0\0\0\0", 8)         = 8
poll([{fd=8, events=POLLIN}], 1, 0)     = 0 (Timeout)
write(6, "\1\0\0\0\0\0\0\0", 8)         = 8
poll([{fd=8, events=POLLIN}], 1, 0)     = 0 (Timeout)
write(6, "\1\0\0\0\0\0\0\0", 8)         = 8
poll([{fd=8, events=POLLIN}], 1, -1)    = 1 ([{fd=8, revents=POLLIN}])
read(8, "\1\0\0\0\0\0\0\0", 8)          = 8
poll([{fd=8, events=POLLIN}], 1, 0)     = 0 (Timeout)
poll([{fd=8, events=POLLIN}], 1, -1)    = 1 ([{fd=8, revents=POLLIN}])
read(8, "\1\0\0\0\0\0\0\0", 8)          = 8
poll([{fd=8, events=POLLIN}], 1, 0)     = 0 (Timeout)
poll([{fd=8, events=POLLIN}], 1, 0)     = 0 (Timeout)
write(6, "\1\0\0\0\0\0\0\0", 8)         = 8
poll([{fd=8, events=POLLIN}], 1, -1)    = 1 ([{fd=8, revents=POLLIN}])
read(8, "\1\0\0\0\0\0\0\0", 8)          = 8
poll([{fd=8, events=POLLIN}], 1, 0)     = 0 (Timeout)
poll([{fd=8, events=POLLIN}], 1, 0)     = 0 (Timeout)
write(6, "\1\0\0\0\0\0\0\0", 8)         = 8
poll([{fd=8, events=POLLIN}], 1, -1)    = 1 ([{fd=8, revents=POLLIN}])
read(8, "\1\0\0\0\0\0\0\0", 8)          = 8
poll([{fd=8, events=POLLIN}], 1, 0)     = 0 (Timeout)
poll([{fd=8, events=POLLIN}], 1, 0)     = 0 (Timeout)
write(6, "\1\0\0\0\0\0\0\0", 8)         = 8
poll([{fd=8, events=POLLIN}], 1, -1)    = 1 ([{fd=8, revents=POLLIN}])
read(8, "\1\0\0\0\0\0\0\0", 8)          = 8
poll([{fd=8, events=POLLIN}], 1, 0)     = 0 (Timeout)
poll([{fd=8, events=POLLIN}], 1, 0)     = 0 (Timeout)
write(6, "\1\0\0\0\0\0\0\0", 8)         = 8
poll([{fd=8, events=POLLIN}], 1, -1)    = 1 ([{fd=8, revents=POLLIN}])
read(8, "\1\0\0\0\0\0\0\0", 8)          = 8
poll([{fd=8, events=POLLIN}], 1, 0)     = 0 (Timeout)
poll([{fd=8, events=POLLIN}], 1, 0)     = 0 (Timeout)
write(6, "\1\0\0\0\0\0\0\0", 8)         = 8
poll([{fd=8, events=POLLIN}], 1, -1)    = 1 ([{fd=8, revents=POLLIN}])
read(8, "\1\0\0\0\0\0\0\0", 8)          = 8
poll([{fd=8, events=POLLIN}], 1, 0)     = 0 (Timeout)
poll([{fd=8, events=POLLIN}], 1, 0)     = 0 (Timeout)
write(6, "\1\0\0\0\0\0\0\0", 8)         = 8
poll([{fd=8, events=POLLIN}], 1, -1)    = ? ERESTART_RESTARTBLOCK (Interrupted by signal)
restart_syscall(<... resuming interrupted poll ...>) = 1
read(8, "\1\0\0\0\0\0\0\0", 8)          = 8
poll([{fd=8, events=POLLIN}], 1, 0)     = 0 (Timeout)
poll([{fd=8, events=POLLIN}], 1, 0)     = 0 (Timeout)
write(6, "\1\0\0\0\0\0\0\0", 8)         = 8
write(1, "Closing server!\n", 16)       = 16
write(4, "\1\0\0\0\0\0\0\0", 8)         = 8
write(8, "\1\0\0\0\0\0\0\0", 8)         = 8
poll([{fd=3, events=POLLIN}], 1, -1)    = 1 ([{fd=3, revents=POLLIN}])
read(3, "\1\0\0\0\0\0\0\0", 8)          = 8
write(6, "\1\0\0\0\0\0\0\0", 8)         = 8
close(7)                                = 0
close(6)                                = 0
close(5)                                = 0
close(4)                                = 0
close(3)                                = 0
lseek(0, -1, SEEK_CUR)                  = -1 ESPIPE (Illegal seek)
exit_group(0)                           = ?
+++ exited with 0 +++
